[2025-08-12 14:31:37] [100.DU130122_x_initbts_fail.cli] action_val 값이 INIT-BTS가 아님 (row 8)
[2025-08-12 14:31:37] [100.DU130122_x_initbts_fail.cli] LNBTS:enbName 값이 누락됨 (row 8)
[2025-08-12 14:31:37] [100.DU130122_x_initbts_fail.cli] SMOD:prod-name 값이 누락됨 (row 8)
[2025-08-12 14:31:37] [100.DU130122_x_initbts_fail.cli] IPIF:id 값이 누락됨 (row 8)
[2025-08-12 14:31:37] [100.DU130122_x_initbts_fail.cli] IPIF:localIpAddr 값이 누락됨 (row 8)
[2025-08-12 14:31:37] [100.DU130122_x_initbts_fail.cli] IPIF:localIpPrefixLength 값이 누락됨 (row 8)
[2025-08-12 14:31:37] [100.DU130122_x_initbts_fail.cli] IPRT:gateway 값이 누락됨 (row 8)
[2025-08-12 14:31:37] [100.DU130122_x_initbts_fail.cli] VLANIF:id 값이 누락됨 (row 8)
[2025-08-12 14:31:37] [100.DU130122_x_initbts_fail.cli] VLANIF:vlanId 값이 누락됨 (row 8)
[2025-08-12 14:31:37] [100.DU130122_x_initbts_fail.cli] SYNC-1:id 값이 누락됨 (row 8)
[2025-08-12 14:31:37] [100.DU130122_x_initbts_fail.cli] SYNC-1:syncInputPrio 값이 누락됨 (row 8)
[2025-08-12 14:31:37] [100.DU130122_x_initbts_fail.cli] SYNC-1:syncInputType 값이 누락됨 (row 8)
[2025-08-12 14:31:37] [100.DU130122_x_initbts_fail.cli] NTP:id 값이 누락됨 (row 8)
[2025-08-12 14:31:37] [100.DU130122_x_initbts_fail.cli] NTP:ntpServerIpAddrList[] 값이 누락됨 (row 8)
[2025-08-12 14:31:37] [100.DU130122_x_initbts_fail.cli] CTRLTS-1:id 값이 누락됨 (row 8)
[2025-08-12 14:31:37] [100.DU130122_x_initbts_fail.cli] CTRLTS-1:netActIpAddr 값이 누락됨 (row 8)
[2025-08-12 14:31:37] [200.DU2350003_x_initbts_fail.cli] NTP:id 값이 누락됨 (row 9)
[2025-08-12 14:31:37] [200.DU2350003_x_initbts_fail.cli] NTP:ntpServerIpAddrList[] 값이 누락됨 (row 9)
[2025-08-12 14:31:37] [300.DU123456_x_initbts_fail.cli] action_val 값이 INIT-BTS가 아님 (row 10)
[2025-08-12 14:31:37] [300.DU123456_x_initbts_fail.cli] LNBTS:enbName 값이 누락됨 (row 10)
[2025-08-12 14:31:37] [300.DU123456_x_initbts_fail.cli] SMOD:prod-name 값이 누락됨 (row 10)
[2025-08-12 14:31:37] [300.DU123456_x_initbts_fail.cli] IPIF:id 값이 누락됨 (row 10)
[2025-08-12 14:31:37] [300.DU123456_x_initbts_fail.cli] IPIF:localIpAddr 값이 누락됨 (row 10)
[2025-08-12 14:31:37] [300.DU123456_x_initbts_fail.cli] IPIF:localIpPrefixLength 값이 누락됨 (row 10)
[2025-08-12 14:31:37] [300.DU123456_x_initbts_fail.cli] IPRT:gateway 값이 누락됨 (row 10)
[2025-08-12 14:31:37] [300.DU123456_x_initbts_fail.cli] VLANIF:id 값이 누락됨 (row 10)
[2025-08-12 14:31:37] [300.DU123456_x_initbts_fail.cli] VLANIF:vlanId 값이 누락됨 (row 10)
[2025-08-12 14:31:37] [300.DU123456_x_initbts_fail.cli] SYNC-1:id 값이 누락됨 (row 10)
[2025-08-12 14:31:37] [300.DU123456_x_initbts_fail.cli] SYNC-1:syncInputPrio 값이 누락됨 (row 10)
[2025-08-12 14:31:37] [300.DU123456_x_initbts_fail.cli] SYNC-1:syncInputType 값이 누락됨 (row 10)
[2025-08-12 14:31:37] [300.DU123456_x_initbts_fail.cli] NTP:id 값이 누락됨 (row 10)
[2025-08-12 14:31:37] [300.DU123456_x_initbts_fail.cli] NTP:ntpServerIpAddrList[] 값이 누락됨 (row 10)
[2025-08-12 14:31:37] [300.DU123456_x_initbts_fail.cli] CTRLTS-1:id 값이 누락됨 (row 10)
[2025-08-12 14:31:37] [300.DU123456_x_initbts_fail.cli] CTRLTS-1:netActIpAddr 값이 누락됨 (row 10)
[2025-08-12 14:31:37] [300.DU123456_x_initbts_fail.cli] action_val 값이 INIT-BTS가 아님 (row 11)
[2025-08-12 14:31:37] [300.DU123456_x_initbts_fail.cli] LNBTS:enbName 값이 누락됨 (row 11)
[2025-08-12 14:31:37] [300.DU123456_x_initbts_fail.cli] SMOD:prod-name 값이 누락됨 (row 11)
[2025-08-12 14:31:37] [300.DU123456_x_initbts_fail.cli] IPIF:id 값이 누락됨 (row 11)
[2025-08-12 14:31:37] [300.DU123456_x_initbts_fail.cli] IPIF:localIpAddr 값이 누락됨 (row 11)
[2025-08-12 14:31:37] [300.DU123456_x_initbts_fail.cli] IPIF:localIpPrefixLength 값이 누락됨 (row 11)
[2025-08-12 14:31:37] [300.DU123456_x_initbts_fail.cli] IPRT:gateway 값이 누락됨 (row 11)
[2025-08-12 14:31:37] [300.DU123456_x_initbts_fail.cli] VLANIF:id 값이 누락됨 (row 11)
[2025-08-12 14:31:37] [300.DU123456_x_initbts_fail.cli] VLANIF:vlanId 값이 누락됨 (row 11)
[2025-08-12 14:31:37] [300.DU123456_x_initbts_fail.cli] SYNC-1:id 값이 누락됨 (row 11)
[2025-08-12 14:31:37] [300.DU123456_x_initbts_fail.cli] SYNC-1:syncInputPrio 값이 누락됨 (row 11)
[2025-08-12 14:31:37] [300.DU123456_x_initbts_fail.cli] SYNC-1:syncInputType 값이 누락됨 (row 11)
[2025-08-12 14:31:37] [300.DU123456_x_initbts_fail.cli] NTP:id 값이 누락됨 (row 11)
[2025-08-12 14:31:37] [300.DU123456_x_initbts_fail.cli] NTP:ntpServerIpAddrList[] 값이 누락됨 (row 11)
[2025-08-12 14:31:37] [300.DU123456_x_initbts_fail.cli] CTRLTS-1:id 값이 누락됨 (row 11)
[2025-08-12 14:31:37] [300.DU123456_x_initbts_fail.cli] CTRLTS-1:netActIpAddr 값이 누락됨 (row 11)
[2025-08-12 14:31:37] [400.DU80000_x_initbts_fail.cli] NTP:id 값이 누락됨 (row 12)
[2025-08-12 14:31:37] [400.DU80000_x_initbts_fail.cli] CTRLTS-1:id 값이 누락됨 (row 12)
[2025-08-12 14:31:37] [400.DU80000_x_initbts_fail.cli] CTRLTS-1:netActIpAddr 값이 누락됨 (row 12)
[2025-08-12 14:39:30] [100.DU130122_x_initbts_fail.cli] action_val 값이 INIT-BTS가 아님 (row 7)
[2025-08-12 14:39:30] [100.DU130122_x_initbts_fail.cli] action_val 값이 INIT-BTS가 아님 (row 8)
[2025-08-12 14:39:30] [100.DU130122_x_initbts_fail.cli] LNBTS:enbName 값이 누락됨 (row 8)
[2025-08-12 14:39:30] [100.DU130122_x_initbts_fail.cli] SMOD:prod-name 값이 누락됨 (row 8)
[2025-08-12 14:39:30] [100.DU130122_x_initbts_fail.cli] IPIF:id 값이 누락됨 (row 8)
[2025-08-12 14:39:30] [100.DU130122_x_initbts_fail.cli] IPIF:localIpAddr 값이 누락됨 (row 8)
[2025-08-12 14:39:30] [100.DU130122_x_initbts_fail.cli] IPIF:localIpPrefixLength 값이 누락됨 (row 8)
[2025-08-12 14:39:30] [100.DU130122_x_initbts_fail.cli] IPRT:gateway 값이 누락됨 (row 8)
[2025-08-12 14:39:30] [100.DU130122_x_initbts_fail.cli] VLANIF:id 값이 누락됨 (row 8)
[2025-08-12 14:39:30] [100.DU130122_x_initbts_fail.cli] VLANIF:vlanId 값이 누락됨 (row 8)
[2025-08-12 14:39:30] [100.DU130122_x_initbts_fail.cli] SYNC-1:id 값이 누락됨 (row 8)
[2025-08-12 14:39:30] [100.DU130122_x_initbts_fail.cli] SYNC-1:syncInputPrio 값이 누락됨 (row 8)
[2025-08-12 14:39:30] [100.DU130122_x_initbts_fail.cli] SYNC-1:syncInputType 값이 누락됨 (row 8)
[2025-08-12 14:39:30] [100.DU130122_x_initbts_fail.cli] NTP:id 값이 누락됨 (row 8)
[2025-08-12 14:39:30] [100.DU130122_x_initbts_fail.cli] NTP:ntpServerIpAddrList[] 값이 누락됨 (row 8)
[2025-08-12 14:39:30] [100.DU130122_x_initbts_fail.cli] CTRLTS-1:id 값이 누락됨 (row 8)
[2025-08-12 14:39:30] [100.DU130122_x_initbts_fail.cli] CTRLTS-1:netActIpAddr 값이 누락됨 (row 8)
[2025-08-12 14:39:30] [300.DU123456_x_initbts_fail.cli] action_val 값이 INIT-BTS가 아님 (row 10)
[2025-08-12 14:39:30] [300.DU123456_x_initbts_fail.cli] LNBTS:enbName 값이 누락됨 (row 10)
[2025-08-12 14:39:30] [300.DU123456_x_initbts_fail.cli] SMOD:prod-name 값이 누락됨 (row 10)
[2025-08-12 14:39:30] [300.DU123456_x_initbts_fail.cli] IPIF:id 값이 누락됨 (row 10)
[2025-08-12 14:39:30] [300.DU123456_x_initbts_fail.cli] IPIF:localIpAddr 값이 누락됨 (row 10)
[2025-08-12 14:39:30] [300.DU123456_x_initbts_fail.cli] IPIF:localIpPrefixLength 값이 누락됨 (row 10)
[2025-08-12 14:39:30] [300.DU123456_x_initbts_fail.cli] IPRT:gateway 값이 누락됨 (row 10)
[2025-08-12 14:39:30] [300.DU123456_x_initbts_fail.cli] VLANIF:id 값이 누락됨 (row 10)
[2025-08-12 14:39:30] [300.DU123456_x_initbts_fail.cli] VLANIF:vlanId 값이 누락됨 (row 10)
[2025-08-12 14:39:30] [300.DU123456_x_initbts_fail.cli] SYNC-1:id 값이 누락됨 (row 10)
[2025-08-12 14:39:30] [300.DU123456_x_initbts_fail.cli] SYNC-1:syncInputPrio 값이 누락됨 (row 10)
[2025-08-12 14:39:30] [300.DU123456_x_initbts_fail.cli] SYNC-1:syncInputType 값이 누락됨 (row 10)
[2025-08-12 14:39:30] [300.DU123456_x_initbts_fail.cli] NTP:id 값이 누락됨 (row 10)
[2025-08-12 14:39:30] [300.DU123456_x_initbts_fail.cli] NTP:ntpServerIpAddrList[] 값이 누락됨 (row 10)
[2025-08-12 14:39:30] [300.DU123456_x_initbts_fail.cli] CTRLTS-1:id 값이 누락됨 (row 10)
[2025-08-12 14:39:30] [300.DU123456_x_initbts_fail.cli] CTRLTS-1:netActIpAddr 값이 누락됨 (row 10)
[2025-08-12 14:39:30] [300.DU123456_x_initbts_fail.cli] action_val 값이 INIT-BTS가 아님 (row 11)
[2025-08-12 14:39:30] [300.DU123456_x_initbts_fail.cli] LNBTS:enbName 값이 누락됨 (row 11)
[2025-08-12 14:39:30] [300.DU123456_x_initbts_fail.cli] SMOD:prod-name 값이 누락됨 (row 11)
[2025-08-12 14:39:30] [300.DU123456_x_initbts_fail.cli] IPIF:id 값이 누락됨 (row 11)
[2025-08-12 14:39:30] [300.DU123456_x_initbts_fail.cli] IPIF:localIpAddr 값이 누락됨 (row 11)
[2025-08-12 14:39:30] [300.DU123456_x_initbts_fail.cli] IPIF:localIpPrefixLength 값이 누락됨 (row 11)
[2025-08-12 14:39:30] [300.DU123456_x_initbts_fail.cli] IPRT:gateway 값이 누락됨 (row 11)
[2025-08-12 14:39:30] [300.DU123456_x_initbts_fail.cli] VLANIF:id 값이 누락됨 (row 11)
[2025-08-12 14:39:30] [300.DU123456_x_initbts_fail.cli] VLANIF:vlanId 값이 누락됨 (row 11)
[2025-08-12 14:39:30] [300.DU123456_x_initbts_fail.cli] SYNC-1:id 값이 누락됨 (row 11)
[2025-08-12 14:39:30] [300.DU123456_x_initbts_fail.cli] SYNC-1:syncInputPrio 값이 누락됨 (row 11)
[2025-08-12 14:39:30] [300.DU123456_x_initbts_fail.cli] SYNC-1:syncInputType 값이 누락됨 (row 11)
[2025-08-12 14:39:30] [300.DU123456_x_initbts_fail.cli] NTP:id 값이 누락됨 (row 11)
[2025-08-12 14:39:30] [300.DU123456_x_initbts_fail.cli] NTP:ntpServerIpAddrList[] 값이 누락됨 (row 11)
[2025-08-12 14:39:30] [300.DU123456_x_initbts_fail.cli] CTRLTS-1:id 값이 누락됨 (row 11)
[2025-08-12 14:39:30] [300.DU123456_x_initbts_fail.cli] CTRLTS-1:netActIpAddr 값이 누락됨 (row 11)
[2025-08-12 14:39:30] [400.DU80000_x_initbts_fail.cli] action_val 값이 INIT-BTS가 아님 (row 12)
[2025-08-12 14:39:30] [400.DU80000_x_initbts_fail.cli] NTP:id 값이 누락됨 (row 12)
[2025-08-12 14:39:30] [400.DU80000_x_initbts_fail.cli] CTRLTS-1:id 값이 누락됨 (row 12)
[2025-08-12 14:39:30] [400.DU80000_x_initbts_fail.cli] CTRLTS-1:netActIpAddr 값이 누락됨 (row 12)
[2025-08-12 14:44:53] [100.DU130122_x_initbts_fail.cli] action_val 값이 INIT-BTS가 아님 (row 7)
[2025-08-12 14:44:53] [100.DU130122_x_initbts_fail.cli] action_val 값이 INIT-BTS가 아님 (row 8)
[2025-08-12 14:44:53] [100.DU130122_x_initbts_fail.cli] LNBTS:enbName 값이 누락됨 (row 8)
[2025-08-12 14:44:53] [100.DU130122_x_initbts_fail.cli] SMOD:prod-name 값이 누락됨 (row 8)
[2025-08-12 14:44:53] [100.DU130122_x_initbts_fail.cli] IPIF:id 값이 누락됨 (row 8)
[2025-08-12 14:44:53] [100.DU130122_x_initbts_fail.cli] IPIF:localIpAddr 값이 누락됨 (row 8)
[2025-08-12 14:44:53] [100.DU130122_x_initbts_fail.cli] IPIF:localIpPrefixLength 값이 누락됨 (row 8)
[2025-08-12 14:44:53] [100.DU130122_x_initbts_fail.cli] IPRT:gateway 값이 누락됨 (row 8)
[2025-08-12 14:44:53] [100.DU130122_x_initbts_fail.cli] VLANIF:id 값이 누락됨 (row 8)
[2025-08-12 14:44:53] [100.DU130122_x_initbts_fail.cli] VLANIF:vlanId 값이 누락됨 (row 8)
[2025-08-12 14:44:53] [100.DU130122_x_initbts_fail.cli] SYNC-1:id 값이 누락됨 (row 8)
[2025-08-12 14:44:53] [100.DU130122_x_initbts_fail.cli] SYNC-1:syncInputPrio 값이 누락됨 (row 8)
[2025-08-12 14:44:53] [100.DU130122_x_initbts_fail.cli] SYNC-1:syncInputType 값이 누락됨 (row 8)
[2025-08-12 14:44:53] [100.DU130122_x_initbts_fail.cli] NTP:id 값이 누락됨 (row 8)
[2025-08-12 14:44:53] [100.DU130122_x_initbts_fail.cli] NTP:ntpServerIpAddrList[] 값이 누락됨 (row 8)
[2025-08-12 14:44:53] [100.DU130122_x_initbts_fail.cli] CTRLTS-1:id 값이 누락됨 (row 8)
[2025-08-12 14:44:53] [100.DU130122_x_initbts_fail.cli] CTRLTS-1:netActIpAddr 값이 누락됨 (row 8)
[2025-08-12 14:44:53] [300.DU123456_x_initbts_fail.cli] action_val 값이 INIT-BTS가 아님 (row 10)
[2025-08-12 14:44:53] [300.DU123456_x_initbts_fail.cli] LNBTS:enbName 값이 누락됨 (row 10)
[2025-08-12 14:44:53] [300.DU123456_x_initbts_fail.cli] SMOD:prod-name 값이 누락됨 (row 10)
[2025-08-12 14:44:53] [300.DU123456_x_initbts_fail.cli] IPIF:id 값이 누락됨 (row 10)
[2025-08-12 14:44:53] [300.DU123456_x_initbts_fail.cli] IPIF:localIpAddr 값이 누락됨 (row 10)
[2025-08-12 14:44:53] [300.DU123456_x_initbts_fail.cli] IPIF:localIpPrefixLength 값이 누락됨 (row 10)
[2025-08-12 14:44:53] [300.DU123456_x_initbts_fail.cli] IPRT:gateway 값이 누락됨 (row 10)
[2025-08-12 14:44:53] [300.DU123456_x_initbts_fail.cli] VLANIF:id 값이 누락됨 (row 10)
[2025-08-12 14:44:53] [300.DU123456_x_initbts_fail.cli] VLANIF:vlanId 값이 누락됨 (row 10)
[2025-08-12 14:44:53] [300.DU123456_x_initbts_fail.cli] SYNC-1:id 값이 누락됨 (row 10)
[2025-08-12 14:44:53] [300.DU123456_x_initbts_fail.cli] SYNC-1:syncInputPrio 값이 누락됨 (row 10)
[2025-08-12 14:44:53] [300.DU123456_x_initbts_fail.cli] SYNC-1:syncInputType 값이 누락됨 (row 10)
[2025-08-12 14:44:53] [300.DU123456_x_initbts_fail.cli] NTP:id 값이 누락됨 (row 10)
[2025-08-12 14:44:53] [300.DU123456_x_initbts_fail.cli] NTP:ntpServerIpAddrList[] 값이 누락됨 (row 10)
[2025-08-12 14:44:53] [300.DU123456_x_initbts_fail.cli] CTRLTS-1:id 값이 누락됨 (row 10)
[2025-08-12 14:44:53] [300.DU123456_x_initbts_fail.cli] CTRLTS-1:netActIpAddr 값이 누락됨 (row 10)
[2025-08-12 14:44:53] [300.DU123456_x_initbts_fail.cli] action_val 값이 INIT-BTS가 아님 (row 11)
[2025-08-12 14:44:53] [300.DU123456_x_initbts_fail.cli] LNBTS:enbName 값이 누락됨 (row 11)
[2025-08-12 14:44:53] [300.DU123456_x_initbts_fail.cli] SMOD:prod-name 값이 누락됨 (row 11)
[2025-08-12 14:44:53] [300.DU123456_x_initbts_fail.cli] IPIF:id 값이 누락됨 (row 11)
[2025-08-12 14:44:53] [300.DU123456_x_initbts_fail.cli] IPIF:localIpAddr 값이 누락됨 (row 11)
[2025-08-12 14:44:53] [300.DU123456_x_initbts_fail.cli] IPIF:localIpPrefixLength 값이 누락됨 (row 11)
[2025-08-12 14:44:53] [300.DU123456_x_initbts_fail.cli] IPRT:gateway 값이 누락됨 (row 11)
[2025-08-12 14:44:53] [300.DU123456_x_initbts_fail.cli] VLANIF:id 값이 누락됨 (row 11)
[2025-08-12 14:44:53] [300.DU123456_x_initbts_fail.cli] VLANIF:vlanId 값이 누락됨 (row 11)
[2025-08-12 14:44:53] [300.DU123456_x_initbts_fail.cli] SYNC-1:id 값이 누락됨 (row 11)
[2025-08-12 14:44:53] [300.DU123456_x_initbts_fail.cli] SYNC-1:syncInputPrio 값이 누락됨 (row 11)
[2025-08-12 14:44:53] [300.DU123456_x_initbts_fail.cli] SYNC-1:syncInputType 값이 누락됨 (row 11)
[2025-08-12 14:44:53] [300.DU123456_x_initbts_fail.cli] NTP:id 값이 누락됨 (row 11)
[2025-08-12 14:44:53] [300.DU123456_x_initbts_fail.cli] NTP:ntpServerIpAddrList[] 값이 누락됨 (row 11)
[2025-08-12 14:44:53] [300.DU123456_x_initbts_fail.cli] CTRLTS-1:id 값이 누락됨 (row 11)
[2025-08-12 14:44:53] [300.DU123456_x_initbts_fail.cli] CTRLTS-1:netActIpAddr 값이 누락됨 (row 11)
[2025-08-12 14:44:53] [400.DU80000_x_initbts_fail.cli] action_val 값이 INIT-BTS가 아님 (row 12)
[2025-08-12 14:44:53] [400.DU80000_x_initbts_fail.cli] NTP:id 값이 누락됨 (row 12)
[2025-08-12 14:44:53] [400.DU80000_x_initbts_fail.cli] CTRLTS-1:id 값이 누락됨 (row 12)
[2025-08-12 14:44:53] [400.DU80000_x_initbts_fail.cli] CTRLTS-1:netActIpAddr 값이 누락됨 (row 12)
[2025-08-12 14:53:30] [100.DU130122_x_initbts_fail.cli] action_val 값이 INIT-BTS가 아님 (row 7)
[2025-08-12 14:53:30] [100.DU130122_x_initbts_fail.cli] action_val 값이 INIT-BTS가 아님 (row 8)
[2025-08-12 14:53:30] [100.DU130122_x_initbts_fail.cli] LNBTS:enbName 값이 누락됨 (row 8)
[2025-08-12 14:53:30] [100.DU130122_x_initbts_fail.cli] SMOD:prod-name 값이 누락됨 (row 8)
[2025-08-12 14:53:30] [100.DU130122_x_initbts_fail.cli] IPIF:id 값이 누락됨 (row 8)
[2025-08-12 14:53:30] [100.DU130122_x_initbts_fail.cli] IPIF:localIpAddr 값이 누락됨 (row 8)
[2025-08-12 14:53:30] [100.DU130122_x_initbts_fail.cli] IPIF:localIpPrefixLength 값이 누락됨 (row 8)
[2025-08-12 14:53:30] [100.DU130122_x_initbts_fail.cli] IPRT:gateway 값이 누락됨 (row 8)
[2025-08-12 14:53:30] [100.DU130122_x_initbts_fail.cli] VLANIF:id 값이 누락됨 (row 8)
[2025-08-12 14:53:30] [100.DU130122_x_initbts_fail.cli] VLANIF:vlanId 값이 누락됨 (row 8)
[2025-08-12 14:53:30] [100.DU130122_x_initbts_fail.cli] SYNC-1:id 값이 누락됨 (row 8)
[2025-08-12 14:53:30] [100.DU130122_x_initbts_fail.cli] SYNC-1:syncInputPrio 값이 누락됨 (row 8)
[2025-08-12 14:53:30] [100.DU130122_x_initbts_fail.cli] SYNC-1:syncInputType 값이 누락됨 (row 8)
[2025-08-12 14:53:30] [100.DU130122_x_initbts_fail.cli] NTP:id 값이 누락됨 (row 8)
[2025-08-12 14:53:30] [100.DU130122_x_initbts_fail.cli] NTP:ntpServerIpAddrList[] 값이 누락됨 (row 8)
[2025-08-12 14:53:30] [100.DU130122_x_initbts_fail.cli] CTRLTS-1:id 값이 누락됨 (row 8)
[2025-08-12 14:53:30] [100.DU130122_x_initbts_fail.cli] CTRLTS-1:netActIpAddr 값이 누락됨 (row 8)
[2025-08-12 14:53:30] [300.DU123456_x_initbts_fail.cli] action_val 값이 INIT-BTS가 아님 (row 10)
[2025-08-12 14:53:30] [300.DU123456_x_initbts_fail.cli] LNBTS:enbName 값이 누락됨 (row 10)
[2025-08-12 14:53:30] [300.DU123456_x_initbts_fail.cli] SMOD:prod-name 값이 누락됨 (row 10)
[2025-08-12 14:53:30] [300.DU123456_x_initbts_fail.cli] IPIF:id 값이 누락됨 (row 10)
[2025-08-12 14:53:30] [300.DU123456_x_initbts_fail.cli] IPIF:localIpAddr 값이 누락됨 (row 10)
[2025-08-12 14:53:30] [300.DU123456_x_initbts_fail.cli] IPIF:localIpPrefixLength 값이 누락됨 (row 10)
[2025-08-12 14:53:30] [300.DU123456_x_initbts_fail.cli] IPRT:gateway 값이 누락됨 (row 10)
[2025-08-12 14:53:30] [300.DU123456_x_initbts_fail.cli] VLANIF:id 값이 누락됨 (row 10)
[2025-08-12 14:53:30] [300.DU123456_x_initbts_fail.cli] VLANIF:vlanId 값이 누락됨 (row 10)
[2025-08-12 14:53:30] [300.DU123456_x_initbts_fail.cli] SYNC-1:id 값이 누락됨 (row 10)
[2025-08-12 14:53:30] [300.DU123456_x_initbts_fail.cli] SYNC-1:syncInputPrio 값이 누락됨 (row 10)
[2025-08-12 14:53:30] [300.DU123456_x_initbts_fail.cli] SYNC-1:syncInputType 값이 누락됨 (row 10)
[2025-08-12 14:53:30] [300.DU123456_x_initbts_fail.cli] NTP:id 값이 누락됨 (row 10)
[2025-08-12 14:53:30] [300.DU123456_x_initbts_fail.cli] NTP:ntpServerIpAddrList[] 값이 누락됨 (row 10)
[2025-08-12 14:53:30] [300.DU123456_x_initbts_fail.cli] CTRLTS-1:id 값이 누락됨 (row 10)
[2025-08-12 14:53:30] [300.DU123456_x_initbts_fail.cli] CTRLTS-1:netActIpAddr 값이 누락됨 (row 10)
[2025-08-12 14:53:30] [300.DU123456_x_initbts_fail.cli] action_val 값이 INIT-BTS가 아님 (row 11)
[2025-08-12 14:53:30] [300.DU123456_x_initbts_fail.cli] LNBTS:enbName 값이 누락됨 (row 11)
[2025-08-12 14:53:30] [300.DU123456_x_initbts_fail.cli] SMOD:prod-name 값이 누락됨 (row 11)
[2025-08-12 14:53:30] [300.DU123456_x_initbts_fail.cli] IPIF:id 값이 누락됨 (row 11)
[2025-08-12 14:53:30] [300.DU123456_x_initbts_fail.cli] IPIF:localIpAddr 값이 누락됨 (row 11)
[2025-08-12 14:53:30] [300.DU123456_x_initbts_fail.cli] IPIF:localIpPrefixLength 값이 누락됨 (row 11)
[2025-08-12 14:53:30] [300.DU123456_x_initbts_fail.cli] IPRT:gateway 값이 누락됨 (row 11)
[2025-08-12 14:53:30] [300.DU123456_x_initbts_fail.cli] VLANIF:id 값이 누락됨 (row 11)
[2025-08-12 14:53:30] [300.DU123456_x_initbts_fail.cli] VLANIF:vlanId 값이 누락됨 (row 11)
[2025-08-12 14:53:30] [300.DU123456_x_initbts_fail.cli] SYNC-1:id 값이 누락됨 (row 11)
[2025-08-12 14:53:30] [300.DU123456_x_initbts_fail.cli] SYNC-1:syncInputPrio 값이 누락됨 (row 11)
[2025-08-12 14:53:30] [300.DU123456_x_initbts_fail.cli] SYNC-1:syncInputType 값이 누락됨 (row 11)
[2025-08-12 14:53:30] [300.DU123456_x_initbts_fail.cli] NTP:id 값이 누락됨 (row 11)
[2025-08-12 14:53:30] [300.DU123456_x_initbts_fail.cli] NTP:ntpServerIpAddrList[] 값이 누락됨 (row 11)
[2025-08-12 14:53:30] [300.DU123456_x_initbts_fail.cli] CTRLTS-1:id 값이 누락됨 (row 11)
[2025-08-12 14:53:30] [300.DU123456_x_initbts_fail.cli] CTRLTS-1:netActIpAddr 값이 누락됨 (row 11)
[2025-08-12 14:53:30] [400.DU80000_x_initbts_fail.cli] action_val 값이 INIT-BTS가 아님 (row 12)
[2025-08-12 14:53:30] [400.DU80000_x_initbts_fail.cli] NTP:id 값이 누락됨 (row 12)
[2025-08-12 14:53:30] [400.DU80000_x_initbts_fail.cli] CTRLTS-1:id 값이 누락됨 (row 12)
[2025-08-12 14:53:30] [400.DU80000_x_initbts_fail.cli] CTRLTS-1:netActIpAddr 값이 누락됨 (row 12)
[2025-08-12 15:04:21] [100.DU130122_x_initbts_fail.cli] action_val 값이 INIT-BTS가 아님 (row 7)
[2025-08-12 15:04:21] [100.DU130122_x_initbts_fail.cli] action_val 값이 INIT-BTS가 아님 (row 8)
[2025-08-12 15:04:21] [100.DU130122_x_initbts_fail.cli] LNBTS:enbName 값이 누락됨 (row 8)
[2025-08-12 15:04:21] [100.DU130122_x_initbts_fail.cli] SMOD:prod-name 값이 누락됨 (row 8)
[2025-08-12 15:04:21] [100.DU130122_x_initbts_fail.cli] IPIF:id 값이 누락됨 (row 8)
[2025-08-12 15:04:21] [100.DU130122_x_initbts_fail.cli] IPIF:localIpAddr 값이 누락됨 (row 8)
[2025-08-12 15:04:21] [100.DU130122_x_initbts_fail.cli] IPIF:localIpPrefixLength 값이 누락됨 (row 8)
[2025-08-12 15:04:21] [100.DU130122_x_initbts_fail.cli] IPRT:gateway 값이 누락됨 (row 8)
[2025-08-12 15:04:21] [100.DU130122_x_initbts_fail.cli] VLANIF:id 값이 누락됨 (row 8)
[2025-08-12 15:04:21] [100.DU130122_x_initbts_fail.cli] VLANIF:vlanId 값이 누락됨 (row 8)
[2025-08-12 15:04:21] [100.DU130122_x_initbts_fail.cli] SYNC-1:id 값이 누락됨 (row 8)
[2025-08-12 15:04:21] [100.DU130122_x_initbts_fail.cli] SYNC-1:syncInputPrio 값이 누락됨 (row 8)
[2025-08-12 15:04:21] [100.DU130122_x_initbts_fail.cli] SYNC-1:syncInputType 값이 누락됨 (row 8)
[2025-08-12 15:04:21] [100.DU130122_x_initbts_fail.cli] NTP:id 값이 누락됨 (row 8)
[2025-08-12 15:04:21] [100.DU130122_x_initbts_fail.cli] NTP:ntpServerIpAddrList[] 값이 누락됨 (row 8)
[2025-08-12 15:04:21] [100.DU130122_x_initbts_fail.cli] CTRLTS-1:id 값이 누락됨 (row 8)
[2025-08-12 15:04:21] [100.DU130122_x_initbts_fail.cli] CTRLTS-1:netActIpAddr 값이 누락됨 (row 8)
[2025-08-12 15:04:21] [300.DU123456_x_initbts_fail.cli] action_val 값이 INIT-BTS가 아님 (row 10)
[2025-08-12 15:04:21] [300.DU123456_x_initbts_fail.cli] LNBTS:enbName 값이 누락됨 (row 10)
[2025-08-12 15:04:21] [300.DU123456_x_initbts_fail.cli] SMOD:prod-name 값이 누락됨 (row 10)
[2025-08-12 15:04:21] [300.DU123456_x_initbts_fail.cli] IPIF:id 값이 누락됨 (row 10)
[2025-08-12 15:04:21] [300.DU123456_x_initbts_fail.cli] IPIF:localIpAddr 값이 누락됨 (row 10)
[2025-08-12 15:04:21] [300.DU123456_x_initbts_fail.cli] IPIF:localIpPrefixLength 값이 누락됨 (row 10)
[2025-08-12 15:04:21] [300.DU123456_x_initbts_fail.cli] IPRT:gateway 값이 누락됨 (row 10)
[2025-08-12 15:04:21] [300.DU123456_x_initbts_fail.cli] VLANIF:id 값이 누락됨 (row 10)
[2025-08-12 15:04:21] [300.DU123456_x_initbts_fail.cli] VLANIF:vlanId 값이 누락됨 (row 10)
[2025-08-12 15:04:21] [300.DU123456_x_initbts_fail.cli] SYNC-1:id 값이 누락됨 (row 10)
[2025-08-12 15:04:21] [300.DU123456_x_initbts_fail.cli] SYNC-1:syncInputPrio 값이 누락됨 (row 10)
[2025-08-12 15:04:21] [300.DU123456_x_initbts_fail.cli] SYNC-1:syncInputType 값이 누락됨 (row 10)
[2025-08-12 15:04:21] [300.DU123456_x_initbts_fail.cli] NTP:id 값이 누락됨 (row 10)
[2025-08-12 15:04:21] [300.DU123456_x_initbts_fail.cli] NTP:ntpServerIpAddrList[] 값이 누락됨 (row 10)
[2025-08-12 15:04:21] [300.DU123456_x_initbts_fail.cli] CTRLTS-1:id 값이 누락됨 (row 10)
[2025-08-12 15:04:21] [300.DU123456_x_initbts_fail.cli] CTRLTS-1:netActIpAddr 값이 누락됨 (row 10)
[2025-08-12 15:04:21] [300.DU123456_x_initbts_fail.cli] action_val 값이 INIT-BTS가 아님 (row 11)
[2025-08-12 15:04:21] [300.DU123456_x_initbts_fail.cli] LNBTS:enbName 값이 누락됨 (row 11)
[2025-08-12 15:04:21] [300.DU123456_x_initbts_fail.cli] SMOD:prod-name 값이 누락됨 (row 11)
[2025-08-12 15:04:21] [300.DU123456_x_initbts_fail.cli] IPIF:id 값이 누락됨 (row 11)
[2025-08-12 15:04:21] [300.DU123456_x_initbts_fail.cli] IPIF:localIpAddr 값이 누락됨 (row 11)
[2025-08-12 15:04:21] [300.DU123456_x_initbts_fail.cli] IPIF:localIpPrefixLength 값이 누락됨 (row 11)
[2025-08-12 15:04:21] [300.DU123456_x_initbts_fail.cli] IPRT:gateway 값이 누락됨 (row 11)
[2025-08-12 15:04:21] [300.DU123456_x_initbts_fail.cli] VLANIF:id 값이 누락됨 (row 11)
[2025-08-12 15:04:21] [300.DU123456_x_initbts_fail.cli] VLANIF:vlanId 값이 누락됨 (row 11)
[2025-08-12 15:04:21] [300.DU123456_x_initbts_fail.cli] SYNC-1:id 값이 누락됨 (row 11)
[2025-08-12 15:04:21] [300.DU123456_x_initbts_fail.cli] SYNC-1:syncInputPrio 값이 누락됨 (row 11)
[2025-08-12 15:04:21] [300.DU123456_x_initbts_fail.cli] SYNC-1:syncInputType 값이 누락됨 (row 11)
[2025-08-12 15:04:21] [300.DU123456_x_initbts_fail.cli] NTP:id 값이 누락됨 (row 11)
[2025-08-12 15:04:21] [300.DU123456_x_initbts_fail.cli] NTP:ntpServerIpAddrList[] 값이 누락됨 (row 11)
[2025-08-12 15:04:21] [300.DU123456_x_initbts_fail.cli] CTRLTS-1:id 값이 누락됨 (row 11)
[2025-08-12 15:04:21] [300.DU123456_x_initbts_fail.cli] CTRLTS-1:netActIpAddr 값이 누락됨 (row 11)
[2025-08-12 15:04:21] [400.DU80000_x_initbts_fail.cli] action_val 값이 INIT-BTS가 아님 (row 12)
[2025-08-12 15:04:21] [400.DU80000_x_initbts_fail.cli] NTP:id 값이 누락됨 (row 12)
[2025-08-12 15:04:21] [400.DU80000_x_initbts_fail.cli] CTRLTS-1:id 값이 누락됨 (row 12)
[2025-08-12 15:04:21] [400.DU80000_x_initbts_fail.cli] CTRLTS-1:netActIpAddr 값이 누락됨 (row 12)
[2025-08-12 15:06:43] [100.DU130122_x_initbts_fail.cli] action_val 값이 INIT-BTS가 아님 (row 7)
[2025-08-12 15:06:43] [100.DU130122_x_initbts_fail.cli] action_val 값이 INIT-BTS가 아님 (row 8)
[2025-08-12 15:06:43] [100.DU130122_x_initbts_fail.cli] LNBTS:enbName 값이 누락됨 (row 8)
[2025-08-12 15:06:43] [100.DU130122_x_initbts_fail.cli] SMOD:prod-name 값이 누락됨 (row 8)
[2025-08-12 15:06:43] [100.DU130122_x_initbts_fail.cli] IPIF:id 값이 누락됨 (row 8)
[2025-08-12 15:06:43] [100.DU130122_x_initbts_fail.cli] IPIF:localIpAddr 값이 누락됨 (row 8)
[2025-08-12 15:06:43] [100.DU130122_x_initbts_fail.cli] IPIF:localIpPrefixLength 값이 누락됨 (row 8)
[2025-08-12 15:06:43] [100.DU130122_x_initbts_fail.cli] IPRT:gateway 값이 누락됨 (row 8)
[2025-08-12 15:06:43] [100.DU130122_x_initbts_fail.cli] VLANIF:id 값이 누락됨 (row 8)
[2025-08-12 15:06:43] [100.DU130122_x_initbts_fail.cli] VLANIF:vlanId 값이 누락됨 (row 8)
[2025-08-12 15:06:43] [100.DU130122_x_initbts_fail.cli] SYNC-1:id 값이 누락됨 (row 8)
[2025-08-12 15:06:43] [100.DU130122_x_initbts_fail.cli] SYNC-1:syncInputPrio 값이 누락됨 (row 8)
[2025-08-12 15:06:43] [100.DU130122_x_initbts_fail.cli] SYNC-1:syncInputType 값이 누락됨 (row 8)
[2025-08-12 15:06:43] [100.DU130122_x_initbts_fail.cli] NTP:id 값이 누락됨 (row 8)
[2025-08-12 15:06:43] [100.DU130122_x_initbts_fail.cli] NTP:ntpServerIpAddrList[] 값이 누락됨 (row 8)
[2025-08-12 15:06:43] [100.DU130122_x_initbts_fail.cli] CTRLTS-1:id 값이 누락됨 (row 8)
[2025-08-12 15:06:43] [100.DU130122_x_initbts_fail.cli] CTRLTS-1:netActIpAddr 값이 누락됨 (row 8)
[2025-08-12 15:06:43] [300.DU123456_x_initbts_fail.cli] action_val 값이 INIT-BTS가 아님 (row 10)
[2025-08-12 15:06:43] [300.DU123456_x_initbts_fail.cli] LNBTS:enbName 값이 누락됨 (row 10)
[2025-08-12 15:06:43] [300.DU123456_x_initbts_fail.cli] SMOD:prod-name 값이 누락됨 (row 10)
[2025-08-12 15:06:43] [300.DU123456_x_initbts_fail.cli] IPIF:id 값이 누락됨 (row 10)
[2025-08-12 15:06:43] [300.DU123456_x_initbts_fail.cli] IPIF:localIpAddr 값이 누락됨 (row 10)
[2025-08-12 15:06:43] [300.DU123456_x_initbts_fail.cli] IPIF:localIpPrefixLength 값이 누락됨 (row 10)
[2025-08-12 15:06:43] [300.DU123456_x_initbts_fail.cli] IPRT:gateway 값이 누락됨 (row 10)
[2025-08-12 15:06:43] [300.DU123456_x_initbts_fail.cli] VLANIF:id 값이 누락됨 (row 10)
[2025-08-12 15:06:43] [300.DU123456_x_initbts_fail.cli] VLANIF:vlanId 값이 누락됨 (row 10)
[2025-08-12 15:06:43] [300.DU123456_x_initbts_fail.cli] SYNC-1:id 값이 누락됨 (row 10)
[2025-08-12 15:06:43] [300.DU123456_x_initbts_fail.cli] SYNC-1:syncInputPrio 값이 누락됨 (row 10)
[2025-08-12 15:06:43] [300.DU123456_x_initbts_fail.cli] SYNC-1:syncInputType 값이 누락됨 (row 10)
[2025-08-12 15:06:43] [300.DU123456_x_initbts_fail.cli] NTP:id 값이 누락됨 (row 10)
[2025-08-12 15:06:43] [300.DU123456_x_initbts_fail.cli] NTP:ntpServerIpAddrList[] 값이 누락됨 (row 10)
[2025-08-12 15:06:43] [300.DU123456_x_initbts_fail.cli] CTRLTS-1:id 값이 누락됨 (row 10)
[2025-08-12 15:06:43] [300.DU123456_x_initbts_fail.cli] CTRLTS-1:netActIpAddr 값이 누락됨 (row 10)
[2025-08-12 15:06:43] [300.DU123456_x_initbts_fail.cli] action_val 값이 INIT-BTS가 아님 (row 11)
[2025-08-12 15:06:43] [300.DU123456_x_initbts_fail.cli] LNBTS:enbName 값이 누락됨 (row 11)
[2025-08-12 15:06:43] [300.DU123456_x_initbts_fail.cli] SMOD:prod-name 값이 누락됨 (row 11)
[2025-08-12 15:06:43] [300.DU123456_x_initbts_fail.cli] IPIF:id 값이 누락됨 (row 11)
[2025-08-12 15:06:43] [300.DU123456_x_initbts_fail.cli] IPIF:localIpAddr 값이 누락됨 (row 11)
[2025-08-12 15:06:43] [300.DU123456_x_initbts_fail.cli] IPIF:localIpPrefixLength 값이 누락됨 (row 11)
[2025-08-12 15:06:43] [300.DU123456_x_initbts_fail.cli] IPRT:gateway 값이 누락됨 (row 11)
[2025-08-12 15:06:43] [300.DU123456_x_initbts_fail.cli] VLANIF:id 값이 누락됨 (row 11)
[2025-08-12 15:06:43] [300.DU123456_x_initbts_fail.cli] VLANIF:vlanId 값이 누락됨 (row 11)
[2025-08-12 15:06:43] [300.DU123456_x_initbts_fail.cli] SYNC-1:id 값이 누락됨 (row 11)
[2025-08-12 15:06:43] [300.DU123456_x_initbts_fail.cli] SYNC-1:syncInputPrio 값이 누락됨 (row 11)
[2025-08-12 15:06:43] [300.DU123456_x_initbts_fail.cli] SYNC-1:syncInputType 값이 누락됨 (row 11)
[2025-08-12 15:06:43] [300.DU123456_x_initbts_fail.cli] NTP:id 값이 누락됨 (row 11)
[2025-08-12 15:06:43] [300.DU123456_x_initbts_fail.cli] NTP:ntpServerIpAddrList[] 값이 누락됨 (row 11)
[2025-08-12 15:06:43] [300.DU123456_x_initbts_fail.cli] CTRLTS-1:id 값이 누락됨 (row 11)
[2025-08-12 15:06:43] [300.DU123456_x_initbts_fail.cli] CTRLTS-1:netActIpAddr 값이 누락됨 (row 11)
[2025-08-12 15:06:43] [400.DU80000_x_initbts_fail.cli] action_val 값이 INIT-BTS가 아님 (row 12)
[2025-08-12 15:06:43] [400.DU80000_x_initbts_fail.cli] NTP:id 값이 누락됨 (row 12)
[2025-08-12 15:06:43] [400.DU80000_x_initbts_fail.cli] CTRLTS-1:id 값이 누락됨 (row 12)
[2025-08-12 15:06:43] [400.DU80000_x_initbts_fail.cli] CTRLTS-1:netActIpAddr 값이 누락됨 (row 12)
[2025-08-12 15:21:28] [100.DU130122_x_initbts_fail.cli] action_val 값이 INIT-BTS가 아님 (row 7)
[2025-08-12 15:21:28] [100.DU130122_x_initbts_fail.cli] action_val 값이 INIT-BTS가 아님 (row 8)
[2025-08-12 15:21:28] [100.DU130122_x_initbts_fail.cli] LNBTS:enbName 값이 누락됨 (row 8)
[2025-08-12 15:21:28] [100.DU130122_x_initbts_fail.cli] SMOD:prod-name 값이 누락됨 (row 8)
[2025-08-12 15:21:28] [100.DU130122_x_initbts_fail.cli] IPIF:id 값이 누락됨 (row 8)
[2025-08-12 15:21:28] [100.DU130122_x_initbts_fail.cli] IPIF:localIpAddr 값이 누락됨 (row 8)
[2025-08-12 15:21:28] [100.DU130122_x_initbts_fail.cli] IPIF:localIpPrefixLength 값이 누락됨 (row 8)
[2025-08-12 15:21:28] [100.DU130122_x_initbts_fail.cli] IPRT:gateway 값이 누락됨 (row 8)
[2025-08-12 15:21:28] [100.DU130122_x_initbts_fail.cli] VLANIF:id 값이 누락됨 (row 8)
[2025-08-12 15:21:28] [100.DU130122_x_initbts_fail.cli] VLANIF:vlanId 값이 누락됨 (row 8)
[2025-08-12 15:21:28] [100.DU130122_x_initbts_fail.cli] SYNC-1:id 값이 누락됨 (row 8)
[2025-08-12 15:21:28] [100.DU130122_x_initbts_fail.cli] SYNC-1:syncInputPrio 값이 누락됨 (row 8)
[2025-08-12 15:21:28] [100.DU130122_x_initbts_fail.cli] SYNC-1:syncInputType 값이 누락됨 (row 8)
[2025-08-12 15:21:28] [100.DU130122_x_initbts_fail.cli] NTP:id 값이 누락됨 (row 8)
[2025-08-12 15:21:28] [100.DU130122_x_initbts_fail.cli] NTP:ntpServerIpAddrList[] 값이 누락됨 (row 8)
[2025-08-12 15:21:28] [100.DU130122_x_initbts_fail.cli] CTRLTS-1:id 값이 누락됨 (row 8)
[2025-08-12 15:21:28] [100.DU130122_x_initbts_fail.cli] CTRLTS-1:netActIpAddr 값이 누락됨 (row 8)
[2025-08-12 15:21:28] [300.DU123456_x_initbts_fail.cli] action_val 값이 INIT-BTS가 아님 (row 10)
[2025-08-12 15:21:28] [300.DU123456_x_initbts_fail.cli] LNBTS:enbName 값이 누락됨 (row 10)
[2025-08-12 15:21:28] [300.DU123456_x_initbts_fail.cli] SMOD:prod-name 값이 누락됨 (row 10)
[2025-08-12 15:21:28] [300.DU123456_x_initbts_fail.cli] IPIF:id 값이 누락됨 (row 10)
[2025-08-12 15:21:28] [300.DU123456_x_initbts_fail.cli] IPIF:localIpAddr 값이 누락됨 (row 10)
[2025-08-12 15:21:28] [300.DU123456_x_initbts_fail.cli] IPIF:localIpPrefixLength 값이 누락됨 (row 10)
[2025-08-12 15:21:28] [300.DU123456_x_initbts_fail.cli] IPRT:gateway 값이 누락됨 (row 10)
[2025-08-12 15:21:28] [300.DU123456_x_initbts_fail.cli] VLANIF:id 값이 누락됨 (row 10)
[2025-08-12 15:21:28] [300.DU123456_x_initbts_fail.cli] VLANIF:vlanId 값이 누락됨 (row 10)
[2025-08-12 15:21:28] [300.DU123456_x_initbts_fail.cli] SYNC-1:id 값이 누락됨 (row 10)
[2025-08-12 15:21:28] [300.DU123456_x_initbts_fail.cli] SYNC-1:syncInputPrio 값이 누락됨 (row 10)
[2025-08-12 15:21:28] [300.DU123456_x_initbts_fail.cli] SYNC-1:syncInputType 값이 누락됨 (row 10)
[2025-08-12 15:21:28] [300.DU123456_x_initbts_fail.cli] NTP:id 값이 누락됨 (row 10)
[2025-08-12 15:21:28] [300.DU123456_x_initbts_fail.cli] NTP:ntpServerIpAddrList[] 값이 누락됨 (row 10)
[2025-08-12 15:21:28] [300.DU123456_x_initbts_fail.cli] CTRLTS-1:id 값이 누락됨 (row 10)
[2025-08-12 15:21:28] [300.DU123456_x_initbts_fail.cli] CTRLTS-1:netActIpAddr 값이 누락됨 (row 10)
[2025-08-12 15:21:28] [300.DU123456_x_initbts_fail.cli] action_val 값이 INIT-BTS가 아님 (row 11)
[2025-08-12 15:21:28] [300.DU123456_x_initbts_fail.cli] LNBTS:enbName 값이 누락됨 (row 11)
[2025-08-12 15:21:28] [300.DU123456_x_initbts_fail.cli] SMOD:prod-name 값이 누락됨 (row 11)
[2025-08-12 15:21:28] [300.DU123456_x_initbts_fail.cli] IPIF:id 값이 누락됨 (row 11)
[2025-08-12 15:21:28] [300.DU123456_x_initbts_fail.cli] IPIF:localIpAddr 값이 누락됨 (row 11)
[2025-08-12 15:21:28] [300.DU123456_x_initbts_fail.cli] IPIF:localIpPrefixLength 값이 누락됨 (row 11)
[2025-08-12 15:21:28] [300.DU123456_x_initbts_fail.cli] IPRT:gateway 값이 누락됨 (row 11)
[2025-08-12 15:21:28] [300.DU123456_x_initbts_fail.cli] VLANIF:id 값이 누락됨 (row 11)
[2025-08-12 15:21:28] [300.DU123456_x_initbts_fail.cli] VLANIF:vlanId 값이 누락됨 (row 11)
[2025-08-12 15:21:28] [300.DU123456_x_initbts_fail.cli] SYNC-1:id 값이 누락됨 (row 11)
[2025-08-12 15:21:28] [300.DU123456_x_initbts_fail.cli] SYNC-1:syncInputPrio 값이 누락됨 (row 11)
[2025-08-12 15:21:28] [300.DU123456_x_initbts_fail.cli] SYNC-1:syncInputType 값이 누락됨 (row 11)
[2025-08-12 15:21:28] [300.DU123456_x_initbts_fail.cli] NTP:id 값이 누락됨 (row 11)
[2025-08-12 15:21:28] [300.DU123456_x_initbts_fail.cli] NTP:ntpServerIpAddrList[] 값이 누락됨 (row 11)
[2025-08-12 15:21:28] [300.DU123456_x_initbts_fail.cli] CTRLTS-1:id 값이 누락됨 (row 11)
[2025-08-12 15:21:28] [300.DU123456_x_initbts_fail.cli] CTRLTS-1:netActIpAddr 값이 누락됨 (row 11)
[2025-08-12 15:21:28] [400.DU80000_x_initbts_fail.cli] action_val 값이 INIT-BTS가 아님 (row 12)
[2025-08-12 15:21:28] [400.DU80000_x_initbts_fail.cli] NTP:id 값이 누락됨 (row 12)
[2025-08-12 15:21:28] [400.DU80000_x_initbts_fail.cli] CTRLTS-1:id 값이 누락됨 (row 12)
[2025-08-12 15:21:28] [400.DU80000_x_initbts_fail.cli] CTRLTS-1:netActIpAddr 값이 누락됨 (row 12)
[2025-08-12 15:21:57] [100.DU130122_x_initbts_fail.cli] action_val 값이 INIT-BTS가 아님 (row 7)
[2025-08-12 15:21:57] [100.DU130122_x_initbts_fail.cli] action_val 값이 INIT-BTS가 아님 (row 8)
[2025-08-12 15:21:57] [100.DU130122_x_initbts_fail.cli] LNBTS:enbName 값이 누락됨 (row 8)
[2025-08-12 15:21:57] [100.DU130122_x_initbts_fail.cli] SMOD:prod-name 값이 누락됨 (row 8)
[2025-08-12 15:21:57] [100.DU130122_x_initbts_fail.cli] IPIF:id 값이 누락됨 (row 8)
[2025-08-12 15:21:57] [100.DU130122_x_initbts_fail.cli] IPIF:localIpAddr 값이 누락됨 (row 8)
[2025-08-12 15:21:57] [100.DU130122_x_initbts_fail.cli] IPIF:localIpPrefixLength 값이 누락됨 (row 8)
[2025-08-12 15:21:57] [100.DU130122_x_initbts_fail.cli] IPRT:gateway 값이 누락됨 (row 8)
[2025-08-12 15:21:57] [100.DU130122_x_initbts_fail.cli] VLANIF:id 값이 누락됨 (row 8)
[2025-08-12 15:21:57] [100.DU130122_x_initbts_fail.cli] VLANIF:vlanId 값이 누락됨 (row 8)
[2025-08-12 15:21:57] [100.DU130122_x_initbts_fail.cli] SYNC-1:id 값이 누락됨 (row 8)
[2025-08-12 15:21:57] [100.DU130122_x_initbts_fail.cli] SYNC-1:syncInputPrio 값이 누락됨 (row 8)
[2025-08-12 15:21:57] [100.DU130122_x_initbts_fail.cli] SYNC-1:syncInputType 값이 누락됨 (row 8)
[2025-08-12 15:21:57] [100.DU130122_x_initbts_fail.cli] NTP:id 값이 누락됨 (row 8)
[2025-08-12 15:21:57] [100.DU130122_x_initbts_fail.cli] NTP:ntpServerIpAddrList[] 값이 누락됨 (row 8)
[2025-08-12 15:21:57] [100.DU130122_x_initbts_fail.cli] CTRLTS-1:id 값이 누락됨 (row 8)
[2025-08-12 15:21:57] [100.DU130122_x_initbts_fail.cli] CTRLTS-1:netActIpAddr 값이 누락됨 (row 8)
[2025-08-12 15:21:57] [300.DU123456_x_initbts_fail.cli] action_val 값이 INIT-BTS가 아님 (row 10)
[2025-08-12 15:21:57] [300.DU123456_x_initbts_fail.cli] LNBTS:enbName 값이 누락됨 (row 10)
[2025-08-12 15:21:57] [300.DU123456_x_initbts_fail.cli] SMOD:prod-name 값이 누락됨 (row 10)
[2025-08-12 15:21:57] [300.DU123456_x_initbts_fail.cli] IPIF:id 값이 누락됨 (row 10)
[2025-08-12 15:21:57] [300.DU123456_x_initbts_fail.cli] IPIF:localIpAddr 값이 누락됨 (row 10)
[2025-08-12 15:21:57] [300.DU123456_x_initbts_fail.cli] IPIF:localIpPrefixLength 값이 누락됨 (row 10)
[2025-08-12 15:21:57] [300.DU123456_x_initbts_fail.cli] IPRT:gateway 값이 누락됨 (row 10)
[2025-08-12 15:21:57] [300.DU123456_x_initbts_fail.cli] VLANIF:id 값이 누락됨 (row 10)
[2025-08-12 15:21:57] [300.DU123456_x_initbts_fail.cli] VLANIF:vlanId 값이 누락됨 (row 10)
[2025-08-12 15:21:57] [300.DU123456_x_initbts_fail.cli] SYNC-1:id 값이 누락됨 (row 10)
[2025-08-12 15:21:57] [300.DU123456_x_initbts_fail.cli] SYNC-1:syncInputPrio 값이 누락됨 (row 10)
[2025-08-12 15:21:57] [300.DU123456_x_initbts_fail.cli] SYNC-1:syncInputType 값이 누락됨 (row 10)
[2025-08-12 15:21:57] [300.DU123456_x_initbts_fail.cli] NTP:id 값이 누락됨 (row 10)
[2025-08-12 15:21:57] [300.DU123456_x_initbts_fail.cli] NTP:ntpServerIpAddrList[] 값이 누락됨 (row 10)
[2025-08-12 15:21:57] [300.DU123456_x_initbts_fail.cli] CTRLTS-1:id 값이 누락됨 (row 10)
[2025-08-12 15:21:57] [300.DU123456_x_initbts_fail.cli] CTRLTS-1:netActIpAddr 값이 누락됨 (row 10)
[2025-08-12 15:21:57] [300.DU123456_x_initbts_fail.cli] action_val 값이 INIT-BTS가 아님 (row 11)
[2025-08-12 15:21:57] [300.DU123456_x_initbts_fail.cli] LNBTS:enbName 값이 누락됨 (row 11)
[2025-08-12 15:21:57] [300.DU123456_x_initbts_fail.cli] SMOD:prod-name 값이 누락됨 (row 11)
[2025-08-12 15:21:57] [300.DU123456_x_initbts_fail.cli] IPIF:id 값이 누락됨 (row 11)
[2025-08-12 15:21:57] [300.DU123456_x_initbts_fail.cli] IPIF:localIpAddr 값이 누락됨 (row 11)
[2025-08-12 15:21:57] [300.DU123456_x_initbts_fail.cli] IPIF:localIpPrefixLength 값이 누락됨 (row 11)
[2025-08-12 15:21:57] [300.DU123456_x_initbts_fail.cli] IPRT:gateway 값이 누락됨 (row 11)
[2025-08-12 15:21:57] [300.DU123456_x_initbts_fail.cli] VLANIF:id 값이 누락됨 (row 11)
[2025-08-12 15:21:57] [300.DU123456_x_initbts_fail.cli] VLANIF:vlanId 값이 누락됨 (row 11)
[2025-08-12 15:21:57] [300.DU123456_x_initbts_fail.cli] SYNC-1:id 값이 누락됨 (row 11)
[2025-08-12 15:21:57] [300.DU123456_x_initbts_fail.cli] SYNC-1:syncInputPrio 값이 누락됨 (row 11)
[2025-08-12 15:21:57] [300.DU123456_x_initbts_fail.cli] SYNC-1:syncInputType 값이 누락됨 (row 11)
[2025-08-12 15:21:57] [300.DU123456_x_initbts_fail.cli] NTP:id 값이 누락됨 (row 11)
[2025-08-12 15:21:57] [300.DU123456_x_initbts_fail.cli] NTP:ntpServerIpAddrList[] 값이 누락됨 (row 11)
[2025-08-12 15:21:57] [300.DU123456_x_initbts_fail.cli] CTRLTS-1:id 값이 누락됨 (row 11)
[2025-08-12 15:21:57] [300.DU123456_x_initbts_fail.cli] CTRLTS-1:netActIpAddr 값이 누락됨 (row 11)
[2025-08-12 15:21:57] [400.DU80000_x_initbts_fail.cli] action_val 값이 INIT-BTS가 아님 (row 12)
[2025-08-12 15:21:57] [400.DU80000_x_initbts_fail.cli] NTP:id 값이 누락됨 (row 12)
[2025-08-12 15:21:57] [400.DU80000_x_initbts_fail.cli] CTRLTS-1:id 값이 누락됨 (row 12)
[2025-08-12 15:21:57] [400.DU80000_x_initbts_fail.cli] CTRLTS-1:netActIpAddr 값이 누락됨 (row 12)
[2025-08-12 15:23:09] [100.DU130122_x_initbts_fail.cli] action_val 값이 INIT-BTS가 아님 (row 7)
[2025-08-12 15:23:09] [100.DU130122_x_initbts_fail.cli] action_val 값이 INIT-BTS가 아님 (row 8)
[2025-08-12 15:23:09] [100.DU130122_x_initbts_fail.cli] LNBTS:enbName 값이 누락됨 (row 8)
[2025-08-12 15:23:09] [100.DU130122_x_initbts_fail.cli] SMOD:prod-name 값이 누락됨 (row 8)
[2025-08-12 15:23:09] [100.DU130122_x_initbts_fail.cli] IPIF:id 값이 누락됨 (row 8)
[2025-08-12 15:23:09] [100.DU130122_x_initbts_fail.cli] IPIF:localIpAddr 값이 누락됨 (row 8)
[2025-08-12 15:23:09] [100.DU130122_x_initbts_fail.cli] IPIF:localIpPrefixLength 값이 누락됨 (row 8)
[2025-08-12 15:23:09] [100.DU130122_x_initbts_fail.cli] IPRT:gateway 값이 누락됨 (row 8)
[2025-08-12 15:23:09] [100.DU130122_x_initbts_fail.cli] VLANIF:id 값이 누락됨 (row 8)
[2025-08-12 15:23:09] [100.DU130122_x_initbts_fail.cli] VLANIF:vlanId 값이 누락됨 (row 8)
[2025-08-12 15:23:09] [100.DU130122_x_initbts_fail.cli] SYNC-1:id 값이 누락됨 (row 8)
[2025-08-12 15:23:09] [100.DU130122_x_initbts_fail.cli] SYNC-1:syncInputPrio 값이 누락됨 (row 8)
[2025-08-12 15:23:09] [100.DU130122_x_initbts_fail.cli] SYNC-1:syncInputType 값이 누락됨 (row 8)
[2025-08-12 15:23:09] [100.DU130122_x_initbts_fail.cli] NTP:id 값이 누락됨 (row 8)
[2025-08-12 15:23:09] [100.DU130122_x_initbts_fail.cli] NTP:ntpServerIpAddrList[] 값이 누락됨 (row 8)
[2025-08-12 15:23:09] [100.DU130122_x_initbts_fail.cli] CTRLTS-1:id 값이 누락됨 (row 8)
[2025-08-12 15:23:09] [100.DU130122_x_initbts_fail.cli] CTRLTS-1:netActIpAddr 값이 누락됨 (row 8)
[2025-08-12 15:23:09] [300.DU123456_x_initbts_fail.cli] action_val 값이 INIT-BTS가 아님 (row 10)
[2025-08-12 15:23:09] [300.DU123456_x_initbts_fail.cli] LNBTS:enbName 값이 누락됨 (row 10)
[2025-08-12 15:23:09] [300.DU123456_x_initbts_fail.cli] SMOD:prod-name 값이 누락됨 (row 10)
[2025-08-12 15:23:09] [300.DU123456_x_initbts_fail.cli] IPIF:id 값이 누락됨 (row 10)
[2025-08-12 15:23:09] [300.DU123456_x_initbts_fail.cli] IPIF:localIpAddr 값이 누락됨 (row 10)
[2025-08-12 15:23:09] [300.DU123456_x_initbts_fail.cli] IPIF:localIpPrefixLength 값이 누락됨 (row 10)
[2025-08-12 15:23:09] [300.DU123456_x_initbts_fail.cli] IPRT:gateway 값이 누락됨 (row 10)
[2025-08-12 15:23:09] [300.DU123456_x_initbts_fail.cli] VLANIF:id 값이 누락됨 (row 10)
[2025-08-12 15:23:09] [300.DU123456_x_initbts_fail.cli] VLANIF:vlanId 값이 누락됨 (row 10)
[2025-08-12 15:23:09] [300.DU123456_x_initbts_fail.cli] SYNC-1:id 값이 누락됨 (row 10)
[2025-08-12 15:23:09] [300.DU123456_x_initbts_fail.cli] SYNC-1:syncInputPrio 값이 누락됨 (row 10)
[2025-08-12 15:23:09] [300.DU123456_x_initbts_fail.cli] SYNC-1:syncInputType 값이 누락됨 (row 10)
[2025-08-12 15:23:09] [300.DU123456_x_initbts_fail.cli] NTP:id 값이 누락됨 (row 10)
[2025-08-12 15:23:09] [300.DU123456_x_initbts_fail.cli] NTP:ntpServerIpAddrList[] 값이 누락됨 (row 10)
[2025-08-12 15:23:09] [300.DU123456_x_initbts_fail.cli] CTRLTS-1:id 값이 누락됨 (row 10)
[2025-08-12 15:23:09] [300.DU123456_x_initbts_fail.cli] CTRLTS-1:netActIpAddr 값이 누락됨 (row 10)
[2025-08-12 15:23:09] [300.DU123456_x_initbts_fail.cli] action_val 값이 INIT-BTS가 아님 (row 11)
[2025-08-12 15:23:09] [300.DU123456_x_initbts_fail.cli] LNBTS:enbName 값이 누락됨 (row 11)
[2025-08-12 15:23:09] [300.DU123456_x_initbts_fail.cli] SMOD:prod-name 값이 누락됨 (row 11)
[2025-08-12 15:23:09] [300.DU123456_x_initbts_fail.cli] IPIF:id 값이 누락됨 (row 11)
[2025-08-12 15:23:09] [300.DU123456_x_initbts_fail.cli] IPIF:localIpAddr 값이 누락됨 (row 11)
[2025-08-12 15:23:09] [300.DU123456_x_initbts_fail.cli] IPIF:localIpPrefixLength 값이 누락됨 (row 11)
[2025-08-12 15:23:09] [300.DU123456_x_initbts_fail.cli] IPRT:gateway 값이 누락됨 (row 11)
[2025-08-12 15:23:09] [300.DU123456_x_initbts_fail.cli] VLANIF:id 값이 누락됨 (row 11)
[2025-08-12 15:23:09] [300.DU123456_x_initbts_fail.cli] VLANIF:vlanId 값이 누락됨 (row 11)
[2025-08-12 15:23:09] [300.DU123456_x_initbts_fail.cli] SYNC-1:id 값이 누락됨 (row 11)
[2025-08-12 15:23:09] [300.DU123456_x_initbts_fail.cli] SYNC-1:syncInputPrio 값이 누락됨 (row 11)
[2025-08-12 15:23:09] [300.DU123456_x_initbts_fail.cli] SYNC-1:syncInputType 값이 누락됨 (row 11)
[2025-08-12 15:23:09] [300.DU123456_x_initbts_fail.cli] NTP:id 값이 누락됨 (row 11)
[2025-08-12 15:23:09] [300.DU123456_x_initbts_fail.cli] NTP:ntpServerIpAddrList[] 값이 누락됨 (row 11)
[2025-08-12 15:23:09] [300.DU123456_x_initbts_fail.cli] CTRLTS-1:id 값이 누락됨 (row 11)
[2025-08-12 15:23:09] [300.DU123456_x_initbts_fail.cli] CTRLTS-1:netActIpAddr 값이 누락됨 (row 11)
[2025-08-12 15:23:09] [400.DU80000_x_initbts_fail.cli] action_val 값이 INIT-BTS가 아님 (row 12)
[2025-08-12 15:23:09] [400.DU80000_x_initbts_fail.cli] NTP:id 값이 누락됨 (row 12)
[2025-08-12 15:23:09] [400.DU80000_x_initbts_fail.cli] CTRLTS-1:id 값이 누락됨 (row 12)
[2025-08-12 15:23:09] [400.DU80000_x_initbts_fail.cli] CTRLTS-1:netActIpAddr 값이 누락됨 (row 12)
[2025-08-12 15:36:27] [100.DU130122_x_initbts_fail.cli] action_val 값이 INIT-BTS가 아님 (row 7)
[2025-08-12 15:36:27] [100.DU130122_x_initbts_fail.cli] action_val 값이 INIT-BTS가 아님 (row 8)
[2025-08-12 15:36:27] [100.DU130122_x_initbts_fail.cli] LNBTS:enbName 값이 누락됨 (row 8)
[2025-08-12 15:36:27] [100.DU130122_x_initbts_fail.cli] SMOD:prod-name 값이 누락됨 (row 8)
[2025-08-12 15:36:27] [100.DU130122_x_initbts_fail.cli] IPIF:id 값이 누락됨 (row 8)
[2025-08-12 15:36:27] [100.DU130122_x_initbts_fail.cli] IPIF:localIpAddr 값이 누락됨 (row 8)
[2025-08-12 15:36:27] [100.DU130122_x_initbts_fail.cli] IPIF:localIpPrefixLength 값이 누락됨 (row 8)
[2025-08-12 15:36:27] [100.DU130122_x_initbts_fail.cli] IPRT:gateway 값이 누락됨 (row 8)
[2025-08-12 15:36:27] [100.DU130122_x_initbts_fail.cli] VLANIF:id 값이 누락됨 (row 8)
[2025-08-12 15:36:27] [100.DU130122_x_initbts_fail.cli] VLANIF:vlanId 값이 누락됨 (row 8)
[2025-08-12 15:36:27] [100.DU130122_x_initbts_fail.cli] SYNC-1:id 값이 누락됨 (row 8)
[2025-08-12 15:36:27] [100.DU130122_x_initbts_fail.cli] SYNC-1:syncInputPrio 값이 누락됨 (row 8)
[2025-08-12 15:36:27] [100.DU130122_x_initbts_fail.cli] SYNC-1:syncInputType 값이 누락됨 (row 8)
[2025-08-12 15:36:27] [100.DU130122_x_initbts_fail.cli] NTP:id 값이 누락됨 (row 8)
[2025-08-12 15:36:27] [100.DU130122_x_initbts_fail.cli] NTP:ntpServerIpAddrList[] 값이 누락됨 (row 8)
[2025-08-12 15:36:27] [100.DU130122_x_initbts_fail.cli] CTRLTS-1:id 값이 누락됨 (row 8)
[2025-08-12 15:36:27] [100.DU130122_x_initbts_fail.cli] CTRLTS-1:netActIpAddr 값이 누락됨 (row 8)
[2025-08-12 15:36:27] [300.DU123456_x_initbts_fail.cli] action_val 값이 INIT-BTS가 아님 (row 10)
[2025-08-12 15:36:27] [300.DU123456_x_initbts_fail.cli] LNBTS:enbName 값이 누락됨 (row 10)
[2025-08-12 15:36:27] [300.DU123456_x_initbts_fail.cli] SMOD:prod-name 값이 누락됨 (row 10)
[2025-08-12 15:36:27] [300.DU123456_x_initbts_fail.cli] IPIF:id 값이 누락됨 (row 10)
[2025-08-12 15:36:27] [300.DU123456_x_initbts_fail.cli] IPIF:localIpAddr 값이 누락됨 (row 10)
[2025-08-12 15:36:27] [300.DU123456_x_initbts_fail.cli] IPIF:localIpPrefixLength 값이 누락됨 (row 10)
[2025-08-12 15:36:27] [300.DU123456_x_initbts_fail.cli] IPRT:gateway 값이 누락됨 (row 10)
[2025-08-12 15:36:27] [300.DU123456_x_initbts_fail.cli] VLANIF:id 값이 누락됨 (row 10)
[2025-08-12 15:36:27] [300.DU123456_x_initbts_fail.cli] VLANIF:vlanId 값이 누락됨 (row 10)
[2025-08-12 15:36:27] [300.DU123456_x_initbts_fail.cli] SYNC-1:id 값이 누락됨 (row 10)
[2025-08-12 15:36:27] [300.DU123456_x_initbts_fail.cli] SYNC-1:syncInputPrio 값이 누락됨 (row 10)
[2025-08-12 15:36:27] [300.DU123456_x_initbts_fail.cli] SYNC-1:syncInputType 값이 누락됨 (row 10)
[2025-08-12 15:36:27] [300.DU123456_x_initbts_fail.cli] NTP:id 값이 누락됨 (row 10)
[2025-08-12 15:36:27] [300.DU123456_x_initbts_fail.cli] NTP:ntpServerIpAddrList[] 값이 누락됨 (row 10)
[2025-08-12 15:36:27] [300.DU123456_x_initbts_fail.cli] CTRLTS-1:id 값이 누락됨 (row 10)
[2025-08-12 15:36:27] [300.DU123456_x_initbts_fail.cli] CTRLTS-1:netActIpAddr 값이 누락됨 (row 10)
[2025-08-12 15:36:27] [300.DU123456_x_initbts_fail.cli] action_val 값이 INIT-BTS가 아님 (row 11)
[2025-08-12 15:36:27] [300.DU123456_x_initbts_fail.cli] LNBTS:enbName 값이 누락됨 (row 11)
[2025-08-12 15:36:27] [300.DU123456_x_initbts_fail.cli] SMOD:prod-name 값이 누락됨 (row 11)
[2025-08-12 15:36:27] [300.DU123456_x_initbts_fail.cli] IPIF:id 값이 누락됨 (row 11)
[2025-08-12 15:36:27] [300.DU123456_x_initbts_fail.cli] IPIF:localIpAddr 값이 누락됨 (row 11)
[2025-08-12 15:36:27] [300.DU123456_x_initbts_fail.cli] IPIF:localIpPrefixLength 값이 누락됨 (row 11)
[2025-08-12 15:36:27] [300.DU123456_x_initbts_fail.cli] IPRT:gateway 값이 누락됨 (row 11)
[2025-08-12 15:36:27] [300.DU123456_x_initbts_fail.cli] VLANIF:id 값이 누락됨 (row 11)
[2025-08-12 15:36:27] [300.DU123456_x_initbts_fail.cli] VLANIF:vlanId 값이 누락됨 (row 11)
[2025-08-12 15:36:27] [300.DU123456_x_initbts_fail.cli] SYNC-1:id 값이 누락됨 (row 11)
[2025-08-12 15:36:27] [300.DU123456_x_initbts_fail.cli] SYNC-1:syncInputPrio 값이 누락됨 (row 11)
[2025-08-12 15:36:27] [300.DU123456_x_initbts_fail.cli] SYNC-1:syncInputType 값이 누락됨 (row 11)
[2025-08-12 15:36:27] [300.DU123456_x_initbts_fail.cli] NTP:id 값이 누락됨 (row 11)
[2025-08-12 15:36:27] [300.DU123456_x_initbts_fail.cli] NTP:ntpServerIpAddrList[] 값이 누락됨 (row 11)
[2025-08-12 15:36:27] [300.DU123456_x_initbts_fail.cli] CTRLTS-1:id 값이 누락됨 (row 11)
[2025-08-12 15:36:27] [300.DU123456_x_initbts_fail.cli] CTRLTS-1:netActIpAddr 값이 누락됨 (row 11)
[2025-08-12 15:36:27] [400.DU80000_x_initbts_fail.cli] action_val 값이 INIT-BTS가 아님 (row 12)
[2025-08-12 15:36:27] [400.DU80000_x_initbts_fail.cli] NTP:id 값이 누락됨 (row 12)
[2025-08-12 15:36:27] [400.DU80000_x_initbts_fail.cli] CTRLTS-1:id 값이 누락됨 (row 12)
[2025-08-12 15:36:27] [400.DU80000_x_initbts_fail.cli] CTRLTS-1:netActIpAddr 값이 누락됨 (row 12)
[2025-08-12 15:53:28] [100.DU130122_x_initbts_fail.cli] action_val 값이 INIT-BTS가 아님 (row 7)
[2025-08-12 15:53:28] [100.DU130122_x_initbts_fail.cli] action_val 값이 INIT-BTS가 아님 (row 8)
[2025-08-12 15:53:28] [100.DU130122_x_initbts_fail.cli] LNBTS:enbName 값이 누락됨 (row 8)
[2025-08-12 15:53:28] [100.DU130122_x_initbts_fail.cli] SMOD:prod-name 값이 누락됨 (row 8)
[2025-08-12 15:53:28] [100.DU130122_x_initbts_fail.cli] IPIF:id 값이 누락됨 (row 8)
[2025-08-12 15:53:28] [100.DU130122_x_initbts_fail.cli] IPIF:localIpAddr 값이 누락됨 (row 8)
[2025-08-12 15:53:28] [100.DU130122_x_initbts_fail.cli] IPIF:localIpPrefixLength 값이 누락됨 (row 8)
[2025-08-12 15:53:28] [100.DU130122_x_initbts_fail.cli] IPRT:gateway 값이 누락됨 (row 8)
[2025-08-12 15:53:28] [100.DU130122_x_initbts_fail.cli] VLANIF:id 값이 누락됨 (row 8)
[2025-08-12 15:53:28] [100.DU130122_x_initbts_fail.cli] VLANIF:vlanId 값이 누락됨 (row 8)
[2025-08-12 15:53:28] [100.DU130122_x_initbts_fail.cli] SYNC-1:id 값이 누락됨 (row 8)
[2025-08-12 15:53:28] [100.DU130122_x_initbts_fail.cli] SYNC-1:syncInputPrio 값이 누락됨 (row 8)
[2025-08-12 15:53:28] [100.DU130122_x_initbts_fail.cli] SYNC-1:syncInputType 값이 누락됨 (row 8)
[2025-08-12 15:53:28] [100.DU130122_x_initbts_fail.cli] NTP:id 값이 누락됨 (row 8)
[2025-08-12 15:53:28] [100.DU130122_x_initbts_fail.cli] NTP:ntpServerIpAddrList[] 값이 누락됨 (row 8)
[2025-08-12 15:53:28] [100.DU130122_x_initbts_fail.cli] CTRLTS-1:id 값이 누락됨 (row 8)
[2025-08-12 15:53:28] [100.DU130122_x_initbts_fail.cli] CTRLTS-1:netActIpAddr 값이 누락됨 (row 8)
[2025-08-12 15:53:28] [300.DU123456_x_initbts_fail.cli] action_val 값이 INIT-BTS가 아님 (row 10)
[2025-08-12 15:53:28] [300.DU123456_x_initbts_fail.cli] LNBTS:enbName 값이 누락됨 (row 10)
[2025-08-12 15:53:28] [300.DU123456_x_initbts_fail.cli] SMOD:prod-name 값이 누락됨 (row 10)
[2025-08-12 15:53:28] [300.DU123456_x_initbts_fail.cli] IPIF:id 값이 누락됨 (row 10)
[2025-08-12 15:53:28] [300.DU123456_x_initbts_fail.cli] IPIF:localIpAddr 값이 누락됨 (row 10)
[2025-08-12 15:53:28] [300.DU123456_x_initbts_fail.cli] IPIF:localIpPrefixLength 값이 누락됨 (row 10)
[2025-08-12 15:53:28] [300.DU123456_x_initbts_fail.cli] IPRT:gateway 값이 누락됨 (row 10)
[2025-08-12 15:53:28] [300.DU123456_x_initbts_fail.cli] VLANIF:id 값이 누락됨 (row 10)
[2025-08-12 15:53:28] [300.DU123456_x_initbts_fail.cli] VLANIF:vlanId 값이 누락됨 (row 10)
[2025-08-12 15:53:28] [300.DU123456_x_initbts_fail.cli] SYNC-1:id 값이 누락됨 (row 10)
[2025-08-12 15:53:28] [300.DU123456_x_initbts_fail.cli] SYNC-1:syncInputPrio 값이 누락됨 (row 10)
[2025-08-12 15:53:28] [300.DU123456_x_initbts_fail.cli] SYNC-1:syncInputType 값이 누락됨 (row 10)
[2025-08-12 15:53:28] [300.DU123456_x_initbts_fail.cli] NTP:id 값이 누락됨 (row 10)
[2025-08-12 15:53:28] [300.DU123456_x_initbts_fail.cli] NTP:ntpServerIpAddrList[] 값이 누락됨 (row 10)
[2025-08-12 15:53:28] [300.DU123456_x_initbts_fail.cli] CTRLTS-1:id 값이 누락됨 (row 10)
[2025-08-12 15:53:28] [300.DU123456_x_initbts_fail.cli] CTRLTS-1:netActIpAddr 값이 누락됨 (row 10)
[2025-08-12 15:53:28] [300.DU123456_x_initbts_fail.cli] action_val 값이 INIT-BTS가 아님 (row 11)
[2025-08-12 15:53:28] [300.DU123456_x_initbts_fail.cli] LNBTS:enbName 값이 누락됨 (row 11)
[2025-08-12 15:53:28] [300.DU123456_x_initbts_fail.cli] SMOD:prod-name 값이 누락됨 (row 11)
[2025-08-12 15:53:28] [300.DU123456_x_initbts_fail.cli] IPIF:id 값이 누락됨 (row 11)
[2025-08-12 15:53:28] [300.DU123456_x_initbts_fail.cli] IPIF:localIpAddr 값이 누락됨 (row 11)
[2025-08-12 15:53:28] [300.DU123456_x_initbts_fail.cli] IPIF:localIpPrefixLength 값이 누락됨 (row 11)
[2025-08-12 15:53:28] [300.DU123456_x_initbts_fail.cli] IPRT:gateway 값이 누락됨 (row 11)
[2025-08-12 15:53:28] [300.DU123456_x_initbts_fail.cli] VLANIF:id 값이 누락됨 (row 11)
[2025-08-12 15:53:28] [300.DU123456_x_initbts_fail.cli] VLANIF:vlanId 값이 누락됨 (row 11)
[2025-08-12 15:53:28] [300.DU123456_x_initbts_fail.cli] SYNC-1:id 값이 누락됨 (row 11)
[2025-08-12 15:53:28] [300.DU123456_x_initbts_fail.cli] SYNC-1:syncInputPrio 값이 누락됨 (row 11)
[2025-08-12 15:53:28] [300.DU123456_x_initbts_fail.cli] SYNC-1:syncInputType 값이 누락됨 (row 11)
[2025-08-12 15:53:28] [300.DU123456_x_initbts_fail.cli] NTP:id 값이 누락됨 (row 11)
[2025-08-12 15:53:28] [300.DU123456_x_initbts_fail.cli] NTP:ntpServerIpAddrList[] 값이 누락됨 (row 11)
[2025-08-12 15:53:28] [300.DU123456_x_initbts_fail.cli] CTRLTS-1:id 값이 누락됨 (row 11)
[2025-08-12 15:53:28] [300.DU123456_x_initbts_fail.cli] CTRLTS-1:netActIpAddr 값이 누락됨 (row 11)
[2025-08-12 15:53:28] [400.DU80000_x_initbts_fail.cli] action_val 값이 INIT-BTS가 아님 (row 12)
[2025-08-12 15:53:28] [400.DU80000_x_initbts_fail.cli] NTP:id 값이 누락됨 (row 12)
[2025-08-12 15:53:28] [400.DU80000_x_initbts_fail.cli] CTRLTS-1:id 값이 누락됨 (row 12)
[2025-08-12 15:53:28] [400.DU80000_x_initbts_fail.cli] CTRLTS-1:netActIpAddr 값이 누락됨 (row 12)
[2025-08-12 16:03:14] [100.DU130122_x_initbts_fail.cli] action_val 값이 INIT-BTS가 아님 (row 7)
[2025-08-12 16:03:14] [100.DU130122_x_initbts_fail.cli] action_val 값이 INIT-BTS가 아님 (row 8)
[2025-08-12 16:03:14] [100.DU130122_x_initbts_fail.cli] LNBTS:enbName 값이 누락됨 (row 8)
[2025-08-12 16:03:14] [100.DU130122_x_initbts_fail.cli] SMOD:prod-name 값이 누락됨 (row 8)
[2025-08-12 16:03:14] [100.DU130122_x_initbts_fail.cli] IPIF:id 값이 누락됨 (row 8)
[2025-08-12 16:03:14] [100.DU130122_x_initbts_fail.cli] IPIF:localIpAddr 값이 누락됨 (row 8)
[2025-08-12 16:03:14] [100.DU130122_x_initbts_fail.cli] IPIF:localIpPrefixLength 값이 누락됨 (row 8)
[2025-08-12 16:03:14] [100.DU130122_x_initbts_fail.cli] IPRT:gateway 값이 누락됨 (row 8)
[2025-08-12 16:03:14] [100.DU130122_x_initbts_fail.cli] VLANIF:id 값이 누락됨 (row 8)
[2025-08-12 16:03:14] [100.DU130122_x_initbts_fail.cli] VLANIF:vlanId 값이 누락됨 (row 8)
[2025-08-12 16:03:14] [100.DU130122_x_initbts_fail.cli] SYNC-1:id 값이 누락됨 (row 8)
[2025-08-12 16:03:14] [100.DU130122_x_initbts_fail.cli] SYNC-1:syncInputPrio 값이 누락됨 (row 8)
[2025-08-12 16:03:14] [100.DU130122_x_initbts_fail.cli] SYNC-1:syncInputType 값이 누락됨 (row 8)
[2025-08-12 16:03:14] [100.DU130122_x_initbts_fail.cli] NTP:id 값이 누락됨 (row 8)
[2025-08-12 16:03:14] [100.DU130122_x_initbts_fail.cli] NTP:ntpServerIpAddrList[] 값이 누락됨 (row 8)
[2025-08-12 16:03:14] [100.DU130122_x_initbts_fail.cli] CTRLTS-1:id 값이 누락됨 (row 8)
[2025-08-12 16:03:14] [100.DU130122_x_initbts_fail.cli] CTRLTS-1:netActIpAddr 값이 누락됨 (row 8)
[2025-08-12 16:03:14] [300.DU123456_x_initbts_fail.cli] action_val 값이 INIT-BTS가 아님 (row 10)
[2025-08-12 16:03:14] [300.DU123456_x_initbts_fail.cli] LNBTS:enbName 값이 누락됨 (row 10)
[2025-08-12 16:03:14] [300.DU123456_x_initbts_fail.cli] SMOD:prod-name 값이 누락됨 (row 10)
[2025-08-12 16:03:14] [300.DU123456_x_initbts_fail.cli] IPIF:id 값이 누락됨 (row 10)
[2025-08-12 16:03:14] [300.DU123456_x_initbts_fail.cli] IPIF:localIpAddr 값이 누락됨 (row 10)
[2025-08-12 16:03:14] [300.DU123456_x_initbts_fail.cli] IPIF:localIpPrefixLength 값이 누락됨 (row 10)
[2025-08-12 16:03:14] [300.DU123456_x_initbts_fail.cli] IPRT:gateway 값이 누락됨 (row 10)
[2025-08-12 16:03:14] [300.DU123456_x_initbts_fail.cli] VLANIF:id 값이 누락됨 (row 10)
[2025-08-12 16:03:14] [300.DU123456_x_initbts_fail.cli] VLANIF:vlanId 값이 누락됨 (row 10)
[2025-08-12 16:03:14] [300.DU123456_x_initbts_fail.cli] SYNC-1:id 값이 누락됨 (row 10)
[2025-08-12 16:03:14] [300.DU123456_x_initbts_fail.cli] SYNC-1:syncInputPrio 값이 누락됨 (row 10)
[2025-08-12 16:03:14] [300.DU123456_x_initbts_fail.cli] SYNC-1:syncInputType 값이 누락됨 (row 10)
[2025-08-12 16:03:14] [300.DU123456_x_initbts_fail.cli] NTP:id 값이 누락됨 (row 10)
[2025-08-12 16:03:14] [300.DU123456_x_initbts_fail.cli] NTP:ntpServerIpAddrList[] 값이 누락됨 (row 10)
[2025-08-12 16:03:14] [300.DU123456_x_initbts_fail.cli] CTRLTS-1:id 값이 누락됨 (row 10)
[2025-08-12 16:03:14] [300.DU123456_x_initbts_fail.cli] CTRLTS-1:netActIpAddr 값이 누락됨 (row 10)
[2025-08-12 16:03:14] [300.DU123456_x_initbts_fail.cli] action_val 값이 INIT-BTS가 아님 (row 11)
[2025-08-12 16:03:14] [300.DU123456_x_initbts_fail.cli] LNBTS:enbName 값이 누락됨 (row 11)
[2025-08-12 16:03:14] [300.DU123456_x_initbts_fail.cli] SMOD:prod-name 값이 누락됨 (row 11)
[2025-08-12 16:03:14] [300.DU123456_x_initbts_fail.cli] IPIF:id 값이 누락됨 (row 11)
[2025-08-12 16:03:14] [300.DU123456_x_initbts_fail.cli] IPIF:localIpAddr 값이 누락됨 (row 11)
[2025-08-12 16:03:14] [300.DU123456_x_initbts_fail.cli] IPIF:localIpPrefixLength 값이 누락됨 (row 11)
[2025-08-12 16:03:14] [300.DU123456_x_initbts_fail.cli] IPRT:gateway 값이 누락됨 (row 11)
[2025-08-12 16:03:14] [300.DU123456_x_initbts_fail.cli] VLANIF:id 값이 누락됨 (row 11)
[2025-08-12 16:03:14] [300.DU123456_x_initbts_fail.cli] VLANIF:vlanId 값이 누락됨 (row 11)
[2025-08-12 16:03:14] [300.DU123456_x_initbts_fail.cli] SYNC-1:id 값이 누락됨 (row 11)
[2025-08-12 16:03:14] [300.DU123456_x_initbts_fail.cli] SYNC-1:syncInputPrio 값이 누락됨 (row 11)
[2025-08-12 16:03:14] [300.DU123456_x_initbts_fail.cli] SYNC-1:syncInputType 값이 누락됨 (row 11)
[2025-08-12 16:03:14] [300.DU123456_x_initbts_fail.cli] NTP:id 값이 누락됨 (row 11)
[2025-08-12 16:03:14] [300.DU123456_x_initbts_fail.cli] NTP:ntpServerIpAddrList[] 값이 누락됨 (row 11)
[2025-08-12 16:03:14] [300.DU123456_x_initbts_fail.cli] CTRLTS-1:id 값이 누락됨 (row 11)
[2025-08-12 16:03:14] [300.DU123456_x_initbts_fail.cli] CTRLTS-1:netActIpAddr 값이 누락됨 (row 11)
[2025-08-12 16:03:14] [400.DU80000_x_initbts_fail.cli] action_val 값이 INIT-BTS가 아님 (row 12)
[2025-08-12 16:03:14] [400.DU80000_x_initbts_fail.cli] NTP:id 값이 누락됨 (row 12)
[2025-08-12 16:03:14] [400.DU80000_x_initbts_fail.cli] CTRLTS-1:id 값이 누락됨 (row 12)
[2025-08-12 16:03:14] [400.DU80000_x_initbts_fail.cli] CTRLTS-1:netActIpAddr 값이 누락됨 (row 12)
[2025-08-12 16:06:41] [100.DU130122_x_initbts_fail.cli] action_val 값이 INIT-BTS가 아님 (row 7)
[2025-08-12 16:06:41] [100.DU130122_x_initbts_fail.cli] action_val 값이 INIT-BTS가 아님 (row 8)
[2025-08-12 16:06:41] [100.DU130122_x_initbts_fail.cli] LNBTS:enbName 값이 누락됨 (row 8)
[2025-08-12 16:06:41] [100.DU130122_x_initbts_fail.cli] SMOD:prod-name 값이 누락됨 (row 8)
[2025-08-12 16:06:41] [100.DU130122_x_initbts_fail.cli] IPIF:id 값이 누락됨 (row 8)
[2025-08-12 16:06:41] [100.DU130122_x_initbts_fail.cli] IPIF:localIpAddr 값이 누락됨 (row 8)
[2025-08-12 16:06:41] [100.DU130122_x_initbts_fail.cli] IPIF:localIpPrefixLength 값이 누락됨 (row 8)
[2025-08-12 16:06:41] [100.DU130122_x_initbts_fail.cli] IPRT:gateway 값이 누락됨 (row 8)
[2025-08-12 16:06:41] [100.DU130122_x_initbts_fail.cli] VLANIF:id 값이 누락됨 (row 8)
[2025-08-12 16:06:41] [100.DU130122_x_initbts_fail.cli] VLANIF:vlanId 값이 누락됨 (row 8)
[2025-08-12 16:06:41] [100.DU130122_x_initbts_fail.cli] SYNC-1:id 값이 누락됨 (row 8)
[2025-08-12 16:06:41] [100.DU130122_x_initbts_fail.cli] SYNC-1:syncInputPrio 값이 누락됨 (row 8)
[2025-08-12 16:06:41] [100.DU130122_x_initbts_fail.cli] SYNC-1:syncInputType 값이 누락됨 (row 8)
[2025-08-12 16:06:41] [100.DU130122_x_initbts_fail.cli] NTP:id 값이 누락됨 (row 8)
[2025-08-12 16:06:41] [100.DU130122_x_initbts_fail.cli] NTP:ntpServerIpAddrList[] 값이 누락됨 (row 8)
[2025-08-12 16:06:41] [100.DU130122_x_initbts_fail.cli] CTRLTS-1:id 값이 누락됨 (row 8)
[2025-08-12 16:06:41] [100.DU130122_x_initbts_fail.cli] CTRLTS-1:netActIpAddr 값이 누락됨 (row 8)
[2025-08-12 16:06:41] [300.DU123456_x_initbts_fail.cli] action_val 값이 INIT-BTS가 아님 (row 10)
[2025-08-12 16:06:41] [300.DU123456_x_initbts_fail.cli] LNBTS:enbName 값이 누락됨 (row 10)
[2025-08-12 16:06:41] [300.DU123456_x_initbts_fail.cli] SMOD:prod-name 값이 누락됨 (row 10)
[2025-08-12 16:06:41] [300.DU123456_x_initbts_fail.cli] IPIF:id 값이 누락됨 (row 10)
[2025-08-12 16:06:41] [300.DU123456_x_initbts_fail.cli] IPIF:localIpAddr 값이 누락됨 (row 10)
[2025-08-12 16:06:41] [300.DU123456_x_initbts_fail.cli] IPIF:localIpPrefixLength 값이 누락됨 (row 10)
[2025-08-12 16:06:41] [300.DU123456_x_initbts_fail.cli] IPRT:gateway 값이 누락됨 (row 10)
[2025-08-12 16:06:41] [300.DU123456_x_initbts_fail.cli] VLANIF:id 값이 누락됨 (row 10)
[2025-08-12 16:06:41] [300.DU123456_x_initbts_fail.cli] VLANIF:vlanId 값이 누락됨 (row 10)
[2025-08-12 16:06:41] [300.DU123456_x_initbts_fail.cli] SYNC-1:id 값이 누락됨 (row 10)
[2025-08-12 16:06:41] [300.DU123456_x_initbts_fail.cli] SYNC-1:syncInputPrio 값이 누락됨 (row 10)
[2025-08-12 16:06:41] [300.DU123456_x_initbts_fail.cli] SYNC-1:syncInputType 값이 누락됨 (row 10)
[2025-08-12 16:06:41] [300.DU123456_x_initbts_fail.cli] NTP:id 값이 누락됨 (row 10)
[2025-08-12 16:06:41] [300.DU123456_x_initbts_fail.cli] NTP:ntpServerIpAddrList[] 값이 누락됨 (row 10)
[2025-08-12 16:06:41] [300.DU123456_x_initbts_fail.cli] CTRLTS-1:id 값이 누락됨 (row 10)
[2025-08-12 16:06:41] [300.DU123456_x_initbts_fail.cli] CTRLTS-1:netActIpAddr 값이 누락됨 (row 10)
[2025-08-12 16:06:41] [300.DU123456_x_initbts_fail.cli] action_val 값이 INIT-BTS가 아님 (row 11)
[2025-08-12 16:06:41] [300.DU123456_x_initbts_fail.cli] LNBTS:enbName 값이 누락됨 (row 11)
[2025-08-12 16:06:41] [300.DU123456_x_initbts_fail.cli] SMOD:prod-name 값이 누락됨 (row 11)
[2025-08-12 16:06:41] [300.DU123456_x_initbts_fail.cli] IPIF:id 값이 누락됨 (row 11)
[2025-08-12 16:06:41] [300.DU123456_x_initbts_fail.cli] IPIF:localIpAddr 값이 누락됨 (row 11)
[2025-08-12 16:06:41] [300.DU123456_x_initbts_fail.cli] IPIF:localIpPrefixLength 값이 누락됨 (row 11)
[2025-08-12 16:06:41] [300.DU123456_x_initbts_fail.cli] IPRT:gateway 값이 누락됨 (row 11)
[2025-08-12 16:06:41] [300.DU123456_x_initbts_fail.cli] VLANIF:id 값이 누락됨 (row 11)
[2025-08-12 16:06:41] [300.DU123456_x_initbts_fail.cli] VLANIF:vlanId 값이 누락됨 (row 11)
[2025-08-12 16:06:41] [300.DU123456_x_initbts_fail.cli] SYNC-1:id 값이 누락됨 (row 11)
[2025-08-12 16:06:41] [300.DU123456_x_initbts_fail.cli] SYNC-1:syncInputPrio 값이 누락됨 (row 11)
[2025-08-12 16:06:41] [300.DU123456_x_initbts_fail.cli] SYNC-1:syncInputType 값이 누락됨 (row 11)
[2025-08-12 16:06:41] [300.DU123456_x_initbts_fail.cli] NTP:id 값이 누락됨 (row 11)
[2025-08-12 16:06:41] [300.DU123456_x_initbts_fail.cli] NTP:ntpServerIpAddrList[] 값이 누락됨 (row 11)
[2025-08-12 16:06:41] [300.DU123456_x_initbts_fail.cli] CTRLTS-1:id 값이 누락됨 (row 11)
[2025-08-12 16:06:41] [300.DU123456_x_initbts_fail.cli] CTRLTS-1:netActIpAddr 값이 누락됨 (row 11)
[2025-08-12 16:06:41] [400.DU80000_x_initbts_fail.cli] action_val 값이 INIT-BTS가 아님 (row 12)
[2025-08-12 16:06:41] [400.DU80000_x_initbts_fail.cli] NTP:id 값이 누락됨 (row 12)
[2025-08-12 16:06:41] [400.DU80000_x_initbts_fail.cli] CTRLTS-1:id 값이 누락됨 (row 12)
[2025-08-12 16:06:41] [400.DU80000_x_initbts_fail.cli] CTRLTS-1:netActIpAddr 값이 누락됨 (row 12)
