[2025-07-28 11:16:39] [400.DU130120_x_initbts_fail.cli] action_val 값이 INIT-BTS가 아님 (row 10)
[2025-07-28 11:16:39] [400.DU130120_x_initbts_fail.cli] radio_type 값이 유효하지 않음: '3G' (row 10)
[2025-07-28 11:16:39] [400.DU130120_x_initbts_fail.cli] radio_ver 값이 유효하지 않음: '24R5' (row 10)
[2025-07-28 12:17:09] [400.DU130120_x_initbts_fail.cli] action_val 값이 INIT-BTS가 아님 (row 10)
[2025-07-28 12:17:09] [400.DU130120_x_initbts_fail.cli] NTP:id 값이 누락됨 (row 10)
[2025-07-28 12:17:09] [400.DU130120_x_initbts_fail.cli] CTRLTS-1:id 값이 누락됨 (row 10)
[2025-07-28 12:17:09] [400.DU130120_x_initbts_fail.cli] CTRLTS-1:netActIpAddr 값이 누락됨 (row 10)
[2025-07-28 12:17:09] [400.DU130120_x_initbts_fail.cli] radio_type 값이 유효하지 않음: '3G' (row 10)
[2025-07-28 12:17:09] [400.DU130120_x_initbts_fail.cli] radio_ver 값이 유효하지 않음: '24R5' (row 10)
[2025-07-28 13:55:56] [400.DU130120_x_initbts_fail.cli] action_val 값이 INIT-BTS가 아님 (row 10)
[2025-07-28 13:55:56] [400.DU130120_x_initbts_fail.cli] NTP:id 값이 누락됨 (row 10)
[2025-07-28 13:55:56] [400.DU130120_x_initbts_fail.cli] CTRLTS-1:id 값이 누락됨 (row 10)
[2025-07-28 13:55:56] [400.DU130120_x_initbts_fail.cli] CTRLTS-1:netActIpAddr 값이 누락됨 (row 10)
[2025-07-28 13:55:56] [400.DU130120_x_initbts_fail.cli] radio_type 값이 유효하지 않음: '3G' (row 10)
[2025-07-28 13:55:56] [400.DU130120_x_initbts_fail.cli] radio_ver 값이 유효하지 않음: '24R5' (row 10)
[2025-07-28 16:52:00] [400.DU130120_x_initbts_fail.cli] action_val 값이 INIT-BTS가 아님 (row 10)
[2025-07-28 16:52:00] [400.DU130120_x_initbts_fail.cli] NTP:id 값이 누락됨 (row 10)
[2025-07-28 16:52:00] [400.DU130120_x_initbts_fail.cli] CTRLTS-1:id 값이 누락됨 (row 10)
[2025-07-28 16:52:00] [400.DU130120_x_initbts_fail.cli] CTRLTS-1:netActIpAddr 값이 누락됨 (row 10)
[2025-07-28 16:52:00] [400.DU130120_x_initbts_fail.cli] radio_type 값이 유효하지 않음: '3G' (row 10)
[2025-07-28 16:52:00] [400.DU130120_x_initbts_fail.cli] radio_ver 값이 유효하지 않음: '24R5' (row 10)
[2025-07-28 16:55:35] [400.DU130120_x_initbts_fail.cli] action_val 값이 INIT-BTS가 아님 (row 10)
[2025-07-28 16:55:35] [400.DU130120_x_initbts_fail.cli] NTP:id 값이 누락됨 (row 10)
[2025-07-28 16:55:35] [400.DU130120_x_initbts_fail.cli] CTRLTS-1:id 값이 누락됨 (row 10)
[2025-07-28 16:55:35] [400.DU130120_x_initbts_fail.cli] CTRLTS-1:netActIpAddr 값이 누락됨 (row 10)
[2025-07-28 16:55:35] [400.DU130120_x_initbts_fail.cli] radio_type 값이 유효하지 않음: '3G' (row 10)
[2025-07-28 16:55:35] [400.DU130120_x_initbts_fail.cli] radio_ver 값이 유효하지 않음: '24R5' (row 10)
[2025-07-28 16:57:33] [400.DU130120_x_initbts_fail.cli] action_val 값이 INIT-BTS가 아님 (row 10)
[2025-07-28 16:57:33] [400.DU130120_x_initbts_fail.cli] NTP:id 값이 누락됨 (row 10)
[2025-07-28 16:57:33] [400.DU130120_x_initbts_fail.cli] CTRLTS-1:id 값이 누락됨 (row 10)
[2025-07-28 16:57:33] [400.DU130120_x_initbts_fail.cli] CTRLTS-1:netActIpAddr 값이 누락됨 (row 10)
[2025-07-28 16:57:33] [400.DU130120_x_initbts_fail.cli] radio_type 값이 유효하지 않음: '3G' (row 10)
[2025-07-28 16:57:33] [400.DU130120_x_initbts_fail.cli] radio_ver 값이 유효하지 않음: '24R5' (row 10)
[2025-07-28 17:05:43] [400.DU130120_x_initbts_fail.cli] action_val 값이 INIT-BTS가 아님 (row 10)
[2025-07-28 17:05:43] [400.DU130120_x_initbts_fail.cli] NTP:id 값이 누락됨 (row 10)
[2025-07-28 17:05:43] [400.DU130120_x_initbts_fail.cli] CTRLTS-1:id 값이 누락됨 (row 10)
[2025-07-28 17:05:43] [400.DU130120_x_initbts_fail.cli] CTRLTS-1:netActIpAddr 값이 누락됨 (row 10)
[2025-07-28 17:05:43] [400.DU130120_x_initbts_fail.cli] radio_type 값이 유효하지 않음: '3G' (row 10)
[2025-07-28 17:05:43] [400.DU130120_x_initbts_fail.cli] radio_ver 값이 유효하지 않음: '24R5' (row 10)
[2025-07-28 17:09:31] [400.DU130120_x_initbts_fail.cli] action_val 값이 INIT-BTS가 아님 (row 10)
[2025-07-28 17:09:31] [400.DU130120_x_initbts_fail.cli] NTP:id 값이 누락됨 (row 10)
[2025-07-28 17:09:31] [400.DU130120_x_initbts_fail.cli] CTRLTS-1:id 값이 누락됨 (row 10)
[2025-07-28 17:09:31] [400.DU130120_x_initbts_fail.cli] CTRLTS-1:netActIpAddr 값이 누락됨 (row 10)
[2025-07-28 17:09:31] [400.DU130120_x_initbts_fail.cli] radio_type 값이 유효하지 않음: '3G' (row 10)
[2025-07-28 17:09:31] [400.DU130120_x_initbts_fail.cli] radio_ver 값이 유효하지 않음: '24R5' (row 10)
[2025-07-28 17:11:35] [400.DU130120_x_initbts_fail.cli] action_val 값이 INIT-BTS가 아님 (row 10)
[2025-07-28 17:11:35] [400.DU130120_x_initbts_fail.cli] NTP:id 값이 누락됨 (row 10)
[2025-07-28 17:11:35] [400.DU130120_x_initbts_fail.cli] CTRLTS-1:id 값이 누락됨 (row 10)
[2025-07-28 17:11:35] [400.DU130120_x_initbts_fail.cli] CTRLTS-1:netActIpAddr 값이 누락됨 (row 10)
[2025-07-28 17:11:35] [400.DU130120_x_initbts_fail.cli] radio_type 값이 유효하지 않음: '3G' (row 10)
[2025-07-28 17:11:35] [400.DU130120_x_initbts_fail.cli] radio_ver 값이 유효하지 않음: '24R5' (row 10)
[2025-07-28 17:18:51] [400.DU130120_x_initbts_fail.cli] action_val 값이 INIT-BTS가 아님 (row 10)
[2025-07-28 17:18:51] [400.DU130120_x_initbts_fail.cli] NTP:id 값이 누락됨 (row 10)
[2025-07-28 17:18:51] [400.DU130120_x_initbts_fail.cli] CTRLTS-1:id 값이 누락됨 (row 10)
[2025-07-28 17:18:51] [400.DU130120_x_initbts_fail.cli] CTRLTS-1:netActIpAddr 값이 누락됨 (row 10)
[2025-07-28 17:18:51] [400.DU130120_x_initbts_fail.cli] radio_type 값이 유효하지 않음: '3G' (row 10)
[2025-07-28 17:18:51] [400.DU130120_x_initbts_fail.cli] radio_ver 값이 유효하지 않음: '24R5' (row 10)
